[31mCMake Error at /opt/ros/humble/share/rosidl_adapter/cmake/rosidl_adapt_interfaces.cmake:59 (message):
  execute_process(/home/uas/anaconda3/bin/python3 -m rosidl_adapter
  --package-name xplane_interfaces --arguments-file
  /home/uas/Documents/blue/git
  repos/xplane_ros2/build/xplane_interfaces/rosidl_adapter__arguments__xplane_interfaces.json
  --output-dir /home/uas/Documents/blue/git
  repos/xplane_ros2/build/xplane_interfaces/rosidl_adapter/xplane_interfaces
  --output-file /home/uas/Documents/blue/git
  repos/xplane_ros2/build/xplane_interfaces/rosidl_adapter/xplane_interfaces.idls)
  returned error code 1:

  Traceback (most recent call last):

    File "<frozen runpy>", line 198, in _run_module_as_main
    File "<frozen runpy>", line 88, in _run_code
    File "/opt/ros/humble/local/lib/python3.10/dist-packages/rosidl_adapter/__main__.py", line 19, in <module>
      sys.exit(main())
               ^^^^^^
    File "/opt/ros/humble/local/lib/python3.10/dist-packages/rosidl_adapter/main.py", line 53, in main
      abs_idl_file = convert_to_idl(
                     ^^^^^^^^^^^^^^^
    File "/opt/ros/humble/local/lib/python3.10/dist-packages/rosidl_adapter/__init__.py", line 19, in convert_to_idl
      return convert_msg_to_idl(
             ^^^^^^^^^^^^^^^^^^^
    File "/opt/ros/humble/local/lib/python3.10/dist-packages/rosidl_adapter/msg/__init__.py", line 28, in convert_msg_to_idl
      msg = parse_message_string(package_name, input_file.stem, content)
            ^^^^^^^^^^^^^^^^^^^^^^^^^^^^^^^^^^^^^^^^^^^^^^^^^^^^^^^^^^^^
    File "/opt/ros/humble/local/lib/python3.10/dist-packages/rosidl_adapter/parser.py", line 544, in parse_message_string
      msg = MessageSpecification(pkg_name, msg_name, fields, constants)
            ^^^^^^^^^^^^^^^^^^^^^^^^^^^^^^^^^^^^^^^^^^^^^^^^^^^^^^^^^^^
    File "/opt/ros/humble/local/lib/python3.10/dist-packages/rosidl_adapter/parser.py", line 388, in __init__
      self.base_type = BaseType(
                       ^^^^^^^^^
    File "/opt/ros/humble/local/lib/python3.10/dist-packages/rosidl_adapter/parser.py", line 205, in __init__
      raise InvalidResourceName(

  rosidl_adapter.parser.InvalidResourceName: 'UAV_State' is an invalid
  message name.  It should have the pattern '^[A-Z][A-Za-z0-9]*$'

Call Stack (most recent call first):
  /opt/ros/humble/share/rosidl_cmake/cmake/rosidl_generate_interfaces.cmake:130 (rosidl_adapt_interfaces)
  CMakeLists.txt:29 (rosidl_generate_interfaces)

[0m
gmake: *** [Makefile:226: cmake_check_build_system] Error 1
