-- Found ament_cmake: 1.3.8 (/opt/ros/humble/share/ament_cmake/cmake)
-- Found rclcpp: 16.0.8 (/opt/ros/humble/share/rclcpp/cmake)
-- Found rosidl_generator_c: 3.1.5 (/opt/ros/humble/share/rosidl_generator_c/cmake)
-- Found rosidl_adapter: 3.1.5 (/opt/ros/humble/share/rosidl_adapter/cmake)
-- Found rosidl_generator_cpp: 3.1.5 (/opt/ros/humble/share/rosidl_generator_cpp/cmake)
-- Using all available rosidl_typesupport_c: rosidl_typesupport_fastrtps_c;rosidl_typesupport_introspection_c
-- Using all available rosidl_typesupport_cpp: rosidl_typesupport_fastrtps_cpp;rosidl_typesupport_introspection_cpp
-- Found rmw_implementation_cmake: 6.1.1 (/opt/ros/humble/share/rmw_implementation_cmake/cmake)
-- Found rmw_fastrtps_cpp: 6.2.6 (/opt/ros/humble/share/rmw_fastrtps_cpp/cmake)
-- Using RMW implementation 'rmw_fastrtps_cpp' as default
-- Found rosidl_default_generators: 1.2.0 (/opt/ros/humble/share/rosidl_default_generators/cmake)
-- Found ament_lint_auto: 0.12.10 (/opt/ros/humble/share/ament_lint_auto/cmake)
-- Found ament_cmake_ros: 0.10.0 (/opt/ros/humble/share/ament_cmake_ros/cmake)
-- Using all available rosidl_typesupport_c: rosidl_typesupport_fastrtps_c;rosidl_typesupport_introspection_c
-- Using all available rosidl_typesupport_cpp: rosidl_typesupport_fastrtps_cpp;rosidl_typesupport_introspection_cpp
[33mCMake Warning (dev) at /opt/ros/humble/share/rosidl_generator_py/cmake/rosidl_generator_py_generate_interfaces.cmake:20 (find_package):
  Policy CMP0148 is not set: The FindPythonInterp and FindPythonLibs modules
  are removed.  Run "cmake --help-policy CMP0148" for policy details.  Use
  the cmake_policy command to set the policy and suppress this warning.

Call Stack (most recent call first):
  /opt/ros/humble/share/ament_cmake_core/cmake/core/ament_execute_extensions.cmake:48 (include)
  /opt/ros/humble/share/rosidl_cmake/cmake/rosidl_generate_interfaces.cmake:286 (ament_execute_extensions)
  CMakeLists.txt:26 (rosidl_generate_interfaces)
This warning is for project developers.  Use -Wno-dev to suppress it.
[0m
-- Found python_cmake_module: 0.10.0 (/opt/ros/humble/share/python_cmake_module/cmake)
[33mCMake Warning (dev) at /opt/ros/humble/share/python_cmake_module/cmake/Modules/FindPythonExtra.cmake:52 (find_package):
  Policy CMP0148 is not set: The FindPythonInterp and FindPythonLibs modules
  are removed.  Run "cmake --help-policy CMP0148" for policy details.  Use
  the cmake_policy command to set the policy and suppress this warning.

Call Stack (most recent call first):
  /opt/ros/humble/share/rosidl_generator_py/cmake/rosidl_generator_py_generate_interfaces.cmake:23 (find_package)
  /opt/ros/humble/share/ament_cmake_core/cmake/core/ament_execute_extensions.cmake:48 (include)
  /opt/ros/humble/share/rosidl_cmake/cmake/rosidl_generate_interfaces.cmake:286 (ament_execute_extensions)
  CMakeLists.txt:26 (rosidl_generate_interfaces)
This warning is for project developers.  Use -Wno-dev to suppress it.
[0m
[33mCMake Warning (dev) at /opt/ros/humble/share/python_cmake_module/cmake/Modules/FindPythonExtra.cmake:140 (find_package):
  Policy CMP0148 is not set: The FindPythonInterp and FindPythonLibs modules
  are removed.  Run "cmake --help-policy CMP0148" for policy details.  Use
  the cmake_policy command to set the policy and suppress this warning.

Call Stack (most recent call first):
  /opt/ros/humble/share/rosidl_generator_py/cmake/rosidl_generator_py_generate_interfaces.cmake:23 (find_package)
  /opt/ros/humble/share/ament_cmake_core/cmake/core/ament_execute_extensions.cmake:48 (include)
  /opt/ros/humble/share/rosidl_cmake/cmake/rosidl_generate_interfaces.cmake:286 (ament_execute_extensions)
  CMakeLists.txt:26 (rosidl_generate_interfaces)
This warning is for project developers.  Use -Wno-dev to suppress it.
[0m
-- Using PYTHON_EXECUTABLE: /home/uas/anaconda3/bin/python3
-- Using PYTHON_INCLUDE_DIRS: /home/uas/anaconda3/include/python3.11
-- Using PYTHON_LIBRARIES: /home/uas/anaconda3/lib/libpython3.11.so
-- Using numpy include directory: /home/uas/anaconda3/lib/python3.11/site-packages/numpy/core/include
-- Added test 'lint_cmake' to check CMake code style
-- Added test 'xmllint' to check XML markup files
-- Configuring done (1.3s)
-- Generating done (0.0s)
-- Build files have been written to: /home/uas/Documents/blue/git repos/xplane_ros2/build/xplane_interfaces
[  2%] Built target xplane_interfaces__cpp
[  5%] [32mBuilding C object CMakeFiles/xplane_interfaces__rosidl_generator_c.dir/rosidl_generator_c/xplane_interfaces/msg/detail/uav_state__functions.c.o[0m
[  7%] [32mBuilding C object CMakeFiles/xplane_interfaces__rosidl_generator_c.dir/rosidl_generator_c/xplane_interfaces/msg/detail/uav_control__functions.c.o[0m
[  7%] Built target ament_cmake_python_copy_xplane_interfaces
[ 10%] [32mBuilding CXX object CMakeFiles/xplane_interfaces__rosidl_typesupport_cpp.dir/rosidl_typesupport_cpp/xplane_interfaces/msg/uav_state__type_support.cpp.o[0m
[ 12%] [32mBuilding CXX object CMakeFiles/xplane_interfaces__rosidl_typesupport_fastrtps_cpp.dir/rosidl_typesupport_fastrtps_cpp/xplane_interfaces/msg/detail/dds_fastrtps/uav_state__type_support.cpp.o[0m
[ 15%] [32mBuilding CXX object CMakeFiles/xplane_interfaces__rosidl_typesupport_cpp.dir/rosidl_typesupport_cpp/xplane_interfaces/msg/uav_control__type_support.cpp.o[0m
[ 17%] [32mBuilding CXX object CMakeFiles/xplane_interfaces__rosidl_typesupport_introspection_cpp.dir/rosidl_typesupport_introspection_cpp/xplane_interfaces/msg/detail/uav_state__type_support.cpp.o[0m
[ 20%] [32mBuilding CXX object CMakeFiles/xplane_interfaces__rosidl_typesupport_introspection_cpp.dir/rosidl_typesupport_introspection_cpp/xplane_interfaces/msg/detail/uav_control__type_support.cpp.o[0m
[ 23%] [32mBuilding CXX object CMakeFiles/xplane_interfaces__rosidl_typesupport_fastrtps_cpp.dir/rosidl_typesupport_fastrtps_cpp/xplane_interfaces/msg/detail/dds_fastrtps/uav_control__type_support.cpp.o[0m
[ 25%] [32m[1mLinking C shared library libxplane_interfaces__rosidl_generator_c.so[0m
[ 28%] Built target xplane_interfaces__rosidl_generator_c
[ 30%] [34m[1mGenerating C type support for eProsima Fast-RTPS[0m
[ 33%] [34m[1mGenerating C introspection for ROS interfaces[0m
[ 35%] [34m[1mGenerating C type support dispatch for ROS interfaces[0m
running egg_info
writing xplane_interfaces.egg-info/PKG-INFO
writing dependency_links to xplane_interfaces.egg-info/dependency_links.txt
writing top-level names to xplane_interfaces.egg-info/top_level.txt
reading manifest file 'xplane_interfaces.egg-info/SOURCES.txt'
writing manifest file 'xplane_interfaces.egg-info/SOURCES.txt'
[ 35%] Built target ament_cmake_python_build_xplane_interfaces_egg
[ 38%] [32mBuilding C object CMakeFiles/xplane_interfaces__rosidl_typesupport_introspection_c.dir/rosidl_typesupport_introspection_c/xplane_interfaces/msg/detail/uav_state__type_support.c.o[0m
[ 41%] [32mBuilding C object CMakeFiles/xplane_interfaces__rosidl_typesupport_introspection_c.dir/rosidl_typesupport_introspection_c/xplane_interfaces/msg/detail/uav_control__type_support.c.o[0m
[ 43%] [32m[1mLinking CXX shared library libxplane_interfaces__rosidl_typesupport_introspection_cpp.so[0m
[ 46%] [32mBuilding CXX object CMakeFiles/xplane_interfaces__rosidl_typesupport_fastrtps_c.dir/rosidl_typesupport_fastrtps_c/xplane_interfaces/msg/detail/uav_state__type_support_c.cpp.o[0m
[ 48%] [32mBuilding CXX object CMakeFiles/xplane_interfaces__rosidl_typesupport_fastrtps_c.dir/rosidl_typesupport_fastrtps_c/xplane_interfaces/msg/detail/uav_control__type_support_c.cpp.o[0m
[ 51%] [32m[1mLinking CXX shared library libxplane_interfaces__rosidl_typesupport_fastrtps_cpp.so[0m
[ 53%] [32m[1mLinking C shared library libxplane_interfaces__rosidl_typesupport_introspection_c.so[0m
[ 56%] [32m[1mLinking CXX shared library libxplane_interfaces__rosidl_typesupport_cpp.so[0m
[ 56%] Built target xplane_interfaces__rosidl_typesupport_introspection_c
[ 58%] Built target xplane_interfaces__rosidl_typesupport_introspection_cpp
[ 61%] Built target xplane_interfaces__rosidl_typesupport_cpp
[ 64%] Built target xplane_interfaces__rosidl_typesupport_fastrtps_cpp
[ 66%] [32mBuilding CXX object CMakeFiles/xplane_interfaces__rosidl_typesupport_c.dir/rosidl_typesupport_c/xplane_interfaces/msg/uav_state__type_support.cpp.o[0m
[ 69%] [32mBuilding CXX object CMakeFiles/xplane_interfaces__rosidl_typesupport_c.dir/rosidl_typesupport_c/xplane_interfaces/msg/uav_control__type_support.cpp.o[0m
[ 71%] [32m[1mLinking CXX shared library libxplane_interfaces__rosidl_typesupport_c.so[0m
[ 71%] Built target xplane_interfaces__rosidl_typesupport_c
[ 74%] [32m[1mLinking CXX shared library libxplane_interfaces__rosidl_typesupport_fastrtps_c.so[0m
[ 74%] Built target xplane_interfaces__rosidl_typesupport_fastrtps_c
[ 74%] Built target xplane_interfaces
[ 76%] [34m[1mGenerating Python code for ROS interfaces[0m
[ 76%] Built target xplane_interfaces__py
[ 79%] [32mBuilding C object CMakeFiles/xplane_interfaces__rosidl_generator_py.dir/rosidl_generator_py/xplane_interfaces/msg/_uav_state_s.c.o[0m
[ 82%] [32mBuilding C object CMakeFiles/xplane_interfaces__rosidl_generator_py.dir/rosidl_generator_py/xplane_interfaces/msg/_uav_control_s.c.o[0m
[ 84%] [32m[1mLinking C shared library rosidl_generator_py/xplane_interfaces/libxplane_interfaces__rosidl_generator_py.so[0m
[ 84%] Built target xplane_interfaces__rosidl_generator_py
[ 87%] [32mBuilding C object CMakeFiles/xplane_interfaces__rosidl_typesupport_fastrtps_c__pyext.dir/rosidl_generator_py/xplane_interfaces/_xplane_interfaces_s.ep.rosidl_typesupport_fastrtps_c.c.o[0m
[ 89%] [32mBuilding C object CMakeFiles/xplane_interfaces__rosidl_typesupport_introspection_c__pyext.dir/rosidl_generator_py/xplane_interfaces/_xplane_interfaces_s.ep.rosidl_typesupport_introspection_c.c.o[0m
[ 92%] [32mBuilding C object CMakeFiles/xplane_interfaces__rosidl_typesupport_c__pyext.dir/rosidl_generator_py/xplane_interfaces/_xplane_interfaces_s.ep.rosidl_typesupport_c.c.o[0m
[100%] [32m[1mLinking C shared library rosidl_generator_py/xplane_interfaces/xplane_interfaces_s__rosidl_typesupport_fastrtps_c.cpython-311-x86_64-linux-gnu.so[0m
[100%] [32m[1mLinking C shared library rosidl_generator_py/xplane_interfaces/xplane_interfaces_s__rosidl_typesupport_c.cpython-311-x86_64-linux-gnu.so[0m
[100%] [32m[1mLinking C shared library rosidl_generator_py/xplane_interfaces/xplane_interfaces_s__rosidl_typesupport_introspection_c.cpython-311-x86_64-linux-gnu.so[0m
[100%] Built target xplane_interfaces__rosidl_typesupport_fastrtps_c__pyext
[100%] Built target xplane_interfaces__rosidl_typesupport_introspection_c__pyext
[100%] Built target xplane_interfaces__rosidl_typesupport_c__pyext
-- Install configuration: ""
-- Installing: /home/uas/Documents/blue/git repos/xplane_ros2/install/xplane_interfaces/share/ament_index/resource_index/rosidl_interfaces/xplane_interfaces
-- Installing: /home/uas/Documents/blue/git repos/xplane_ros2/install/xplane_interfaces/include/xplane_interfaces/xplane_interfaces
-- Installing: /home/uas/Documents/blue/git repos/xplane_ros2/install/xplane_interfaces/include/xplane_interfaces/xplane_interfaces/msg
-- Installing: /home/uas/Documents/blue/git repos/xplane_ros2/install/xplane_interfaces/include/xplane_interfaces/xplane_interfaces/msg/uav_state.h
-- Installing: /home/uas/Documents/blue/git repos/xplane_ros2/install/xplane_interfaces/include/xplane_interfaces/xplane_interfaces/msg/uav_control.h
-- Installing: /home/uas/Documents/blue/git repos/xplane_ros2/install/xplane_interfaces/include/xplane_interfaces/xplane_interfaces/msg/detail
-- Installing: /home/uas/Documents/blue/git repos/xplane_ros2/install/xplane_interfaces/include/xplane_interfaces/xplane_interfaces/msg/detail/uav_control__functions.c
-- Installing: /home/uas/Documents/blue/git repos/xplane_ros2/install/xplane_interfaces/include/xplane_interfaces/xplane_interfaces/msg/detail/uav_state__functions.c
-- Installing: /home/uas/Documents/blue/git repos/xplane_ros2/install/xplane_interfaces/include/xplane_interfaces/xplane_interfaces/msg/detail/uav_state__type_support.h
-- Installing: /home/uas/Documents/blue/git repos/xplane_ros2/install/xplane_interfaces/include/xplane_interfaces/xplane_interfaces/msg/detail/uav_state__struct.h
-- Installing: /home/uas/Documents/blue/git repos/xplane_ros2/install/xplane_interfaces/include/xplane_interfaces/xplane_interfaces/msg/detail/uav_control__struct.h
-- Installing: /home/uas/Documents/blue/git repos/xplane_ros2/install/xplane_interfaces/include/xplane_interfaces/xplane_interfaces/msg/detail/uav_state__functions.h
-- Installing: /home/uas/Documents/blue/git repos/xplane_ros2/install/xplane_interfaces/include/xplane_interfaces/xplane_interfaces/msg/detail/uav_control__type_support.h
-- Installing: /home/uas/Documents/blue/git repos/xplane_ros2/install/xplane_interfaces/include/xplane_interfaces/xplane_interfaces/msg/detail/uav_control__functions.h
-- Installing: /home/uas/Documents/blue/git repos/xplane_ros2/install/xplane_interfaces/include/xplane_interfaces/xplane_interfaces/msg/rosidl_generator_c__visibility_control.h
-- Installing: /home/uas/Documents/blue/git repos/xplane_ros2/install/xplane_interfaces/share/xplane_interfaces/environment/library_path.sh
-- Installing: /home/uas/Documents/blue/git repos/xplane_ros2/install/xplane_interfaces/share/xplane_interfaces/environment/library_path.dsv
-- Installing: /home/uas/Documents/blue/git repos/xplane_ros2/install/xplane_interfaces/lib/libxplane_interfaces__rosidl_generator_c.so
-- Set non-toolchain portion of runtime path of "/home/uas/Documents/blue/git repos/xplane_ros2/install/xplane_interfaces/lib/libxplane_interfaces__rosidl_generator_c.so" to ""
-- Up-to-date: /home/uas/Documents/blue/git repos/xplane_ros2/install/xplane_interfaces/include/xplane_interfaces/xplane_interfaces
-- Up-to-date: /home/uas/Documents/blue/git repos/xplane_ros2/install/xplane_interfaces/include/xplane_interfaces/xplane_interfaces/msg
-- Up-to-date: /home/uas/Documents/blue/git repos/xplane_ros2/install/xplane_interfaces/include/xplane_interfaces/xplane_interfaces/msg/detail
-- Installing: /home/uas/Documents/blue/git repos/xplane_ros2/install/xplane_interfaces/include/xplane_interfaces/xplane_interfaces/msg/detail/uav_control__rosidl_typesupport_fastrtps_c.h
-- Installing: /home/uas/Documents/blue/git repos/xplane_ros2/install/xplane_interfaces/include/xplane_interfaces/xplane_interfaces/msg/detail/uav_state__rosidl_typesupport_fastrtps_c.h
-- Installing: /home/uas/Documents/blue/git repos/xplane_ros2/install/xplane_interfaces/include/xplane_interfaces/xplane_interfaces/msg/rosidl_typesupport_fastrtps_c__visibility_control.h
-- Installing: /home/uas/Documents/blue/git repos/xplane_ros2/install/xplane_interfaces/lib/libxplane_interfaces__rosidl_typesupport_fastrtps_c.so
-- Set non-toolchain portion of runtime path of "/home/uas/Documents/blue/git repos/xplane_ros2/install/xplane_interfaces/lib/libxplane_interfaces__rosidl_typesupport_fastrtps_c.so" to ""
-- Up-to-date: /home/uas/Documents/blue/git repos/xplane_ros2/install/xplane_interfaces/include/xplane_interfaces/xplane_interfaces
-- Up-to-date: /home/uas/Documents/blue/git repos/xplane_ros2/install/xplane_interfaces/include/xplane_interfaces/xplane_interfaces/msg
-- Installing: /home/uas/Documents/blue/git repos/xplane_ros2/install/xplane_interfaces/include/xplane_interfaces/xplane_interfaces/msg/uav_state.hpp
-- Up-to-date: /home/uas/Documents/blue/git repos/xplane_ros2/install/xplane_interfaces/include/xplane_interfaces/xplane_interfaces/msg/detail
-- Installing: /home/uas/Documents/blue/git repos/xplane_ros2/install/xplane_interfaces/include/xplane_interfaces/xplane_interfaces/msg/detail/uav_control__builder.hpp
-- Installing: /home/uas/Documents/blue/git repos/xplane_ros2/install/xplane_interfaces/include/xplane_interfaces/xplane_interfaces/msg/detail/uav_state__traits.hpp
-- Installing: /home/uas/Documents/blue/git repos/xplane_ros2/install/xplane_interfaces/include/xplane_interfaces/xplane_interfaces/msg/detail/uav_state__struct.hpp
-- Installing: /home/uas/Documents/blue/git repos/xplane_ros2/install/xplane_interfaces/include/xplane_interfaces/xplane_interfaces/msg/detail/uav_control__struct.hpp
-- Installing: /home/uas/Documents/blue/git repos/xplane_ros2/install/xplane_interfaces/include/xplane_interfaces/xplane_interfaces/msg/detail/uav_control__traits.hpp
-- Installing: /home/uas/Documents/blue/git repos/xplane_ros2/install/xplane_interfaces/include/xplane_interfaces/xplane_interfaces/msg/detail/uav_state__builder.hpp
-- Installing: /home/uas/Documents/blue/git repos/xplane_ros2/install/xplane_interfaces/include/xplane_interfaces/xplane_interfaces/msg/uav_control.hpp
-- Up-to-date: /home/uas/Documents/blue/git repos/xplane_ros2/install/xplane_interfaces/include/xplane_interfaces/xplane_interfaces
-- Up-to-date: /home/uas/Documents/blue/git repos/xplane_ros2/install/xplane_interfaces/include/xplane_interfaces/xplane_interfaces/msg
-- Installing: /home/uas/Documents/blue/git repos/xplane_ros2/install/xplane_interfaces/include/xplane_interfaces/xplane_interfaces/msg/rosidl_typesupport_fastrtps_cpp__visibility_control.h
-- Up-to-date: /home/uas/Documents/blue/git repos/xplane_ros2/install/xplane_interfaces/include/xplane_interfaces/xplane_interfaces/msg/detail
-- Installing: /home/uas/Documents/blue/git repos/xplane_ros2/install/xplane_interfaces/include/xplane_interfaces/xplane_interfaces/msg/detail/uav_control__rosidl_typesupport_fastrtps_cpp.hpp
-- Installing: /home/uas/Documents/blue/git repos/xplane_ros2/install/xplane_interfaces/include/xplane_interfaces/xplane_interfaces/msg/detail/dds_fastrtps
-- Installing: /home/uas/Documents/blue/git repos/xplane_ros2/install/xplane_interfaces/include/xplane_interfaces/xplane_interfaces/msg/detail/uav_state__rosidl_typesupport_fastrtps_cpp.hpp
-- Installing: /home/uas/Documents/blue/git repos/xplane_ros2/install/xplane_interfaces/lib/libxplane_interfaces__rosidl_typesupport_fastrtps_cpp.so
-- Set non-toolchain portion of runtime path of "/home/uas/Documents/blue/git repos/xplane_ros2/install/xplane_interfaces/lib/libxplane_interfaces__rosidl_typesupport_fastrtps_cpp.so" to ""
-- Up-to-date: /home/uas/Documents/blue/git repos/xplane_ros2/install/xplane_interfaces/include/xplane_interfaces/xplane_interfaces
-- Up-to-date: /home/uas/Documents/blue/git repos/xplane_ros2/install/xplane_interfaces/include/xplane_interfaces/xplane_interfaces/msg
-- Installing: /home/uas/Documents/blue/git repos/xplane_ros2/install/xplane_interfaces/include/xplane_interfaces/xplane_interfaces/msg/rosidl_typesupport_introspection_c__visibility_control.h
-- Up-to-date: /home/uas/Documents/blue/git repos/xplane_ros2/install/xplane_interfaces/include/xplane_interfaces/xplane_interfaces/msg/detail
-- Installing: /home/uas/Documents/blue/git repos/xplane_ros2/install/xplane_interfaces/include/xplane_interfaces/xplane_interfaces/msg/detail/uav_control__rosidl_typesupport_introspection_c.h
-- Installing: /home/uas/Documents/blue/git repos/xplane_ros2/install/xplane_interfaces/include/xplane_interfaces/xplane_interfaces/msg/detail/uav_control__type_support.c
-- Installing: /home/uas/Documents/blue/git repos/xplane_ros2/install/xplane_interfaces/include/xplane_interfaces/xplane_interfaces/msg/detail/uav_state__rosidl_typesupport_introspection_c.h
-- Installing: /home/uas/Documents/blue/git repos/xplane_ros2/install/xplane_interfaces/include/xplane_interfaces/xplane_interfaces/msg/detail/uav_state__type_support.c
-- Installing: /home/uas/Documents/blue/git repos/xplane_ros2/install/xplane_interfaces/lib/libxplane_interfaces__rosidl_typesupport_introspection_c.so
-- Set non-toolchain portion of runtime path of "/home/uas/Documents/blue/git repos/xplane_ros2/install/xplane_interfaces/lib/libxplane_interfaces__rosidl_typesupport_introspection_c.so" to ""
-- Installing: /home/uas/Documents/blue/git repos/xplane_ros2/install/xplane_interfaces/lib/libxplane_interfaces__rosidl_typesupport_c.so
-- Set non-toolchain portion of runtime path of "/home/uas/Documents/blue/git repos/xplane_ros2/install/xplane_interfaces/lib/libxplane_interfaces__rosidl_typesupport_c.so" to ""
-- Up-to-date: /home/uas/Documents/blue/git repos/xplane_ros2/install/xplane_interfaces/include/xplane_interfaces/xplane_interfaces
-- Up-to-date: /home/uas/Documents/blue/git repos/xplane_ros2/install/xplane_interfaces/include/xplane_interfaces/xplane_interfaces/msg
-- Up-to-date: /home/uas/Documents/blue/git repos/xplane_ros2/install/xplane_interfaces/include/xplane_interfaces/xplane_interfaces/msg/detail
-- Installing: /home/uas/Documents/blue/git repos/xplane_ros2/install/xplane_interfaces/include/xplane_interfaces/xplane_interfaces/msg/detail/uav_control__rosidl_typesupport_introspection_cpp.hpp
-- Installing: /home/uas/Documents/blue/git repos/xplane_ros2/install/xplane_interfaces/include/xplane_interfaces/xplane_interfaces/msg/detail/uav_state__rosidl_typesupport_introspection_cpp.hpp
-- Installing: /home/uas/Documents/blue/git repos/xplane_ros2/install/xplane_interfaces/include/xplane_interfaces/xplane_interfaces/msg/detail/uav_control__type_support.cpp
-- Installing: /home/uas/Documents/blue/git repos/xplane_ros2/install/xplane_interfaces/include/xplane_interfaces/xplane_interfaces/msg/detail/uav_state__type_support.cpp
-- Installing: /home/uas/Documents/blue/git repos/xplane_ros2/install/xplane_interfaces/lib/libxplane_interfaces__rosidl_typesupport_introspection_cpp.so
-- Set non-toolchain portion of runtime path of "/home/uas/Documents/blue/git repos/xplane_ros2/install/xplane_interfaces/lib/libxplane_interfaces__rosidl_typesupport_introspection_cpp.so" to ""
-- Installing: /home/uas/Documents/blue/git repos/xplane_ros2/install/xplane_interfaces/lib/libxplane_interfaces__rosidl_typesupport_cpp.so
-- Set non-toolchain portion of runtime path of "/home/uas/Documents/blue/git repos/xplane_ros2/install/xplane_interfaces/lib/libxplane_interfaces__rosidl_typesupport_cpp.so" to ""
-- Installing: /home/uas/Documents/blue/git repos/xplane_ros2/install/xplane_interfaces/share/xplane_interfaces/environment/pythonpath.sh
-- Installing: /home/uas/Documents/blue/git repos/xplane_ros2/install/xplane_interfaces/share/xplane_interfaces/environment/pythonpath.dsv
-- Installing: /home/uas/Documents/blue/git repos/xplane_ros2/install/xplane_interfaces/lib/python3.11/site-packages/xplane_interfaces-0.0.0-py3.11.egg-info
-- Installing: /home/uas/Documents/blue/git repos/xplane_ros2/install/xplane_interfaces/lib/python3.11/site-packages/xplane_interfaces-0.0.0-py3.11.egg-info/SOURCES.txt
-- Installing: /home/uas/Documents/blue/git repos/xplane_ros2/install/xplane_interfaces/lib/python3.11/site-packages/xplane_interfaces-0.0.0-py3.11.egg-info/PKG-INFO
-- Installing: /home/uas/Documents/blue/git repos/xplane_ros2/install/xplane_interfaces/lib/python3.11/site-packages/xplane_interfaces-0.0.0-py3.11.egg-info/top_level.txt
-- Installing: /home/uas/Documents/blue/git repos/xplane_ros2/install/xplane_interfaces/lib/python3.11/site-packages/xplane_interfaces-0.0.0-py3.11.egg-info/dependency_links.txt
-- Installing: /home/uas/Documents/blue/git repos/xplane_ros2/install/xplane_interfaces/lib/python3.11/site-packages/xplane_interfaces
-- Installing: /home/uas/Documents/blue/git repos/xplane_ros2/install/xplane_interfaces/lib/python3.11/site-packages/xplane_interfaces/libxplane_interfaces__rosidl_generator_py.so
-- Installing: /home/uas/Documents/blue/git repos/xplane_ros2/install/xplane_interfaces/lib/python3.11/site-packages/xplane_interfaces/xplane_interfaces_s__rosidl_typesupport_introspection_c.cpython-311-x86_64-linux-gnu.so
-- Installing: /home/uas/Documents/blue/git repos/xplane_ros2/install/xplane_interfaces/lib/python3.11/site-packages/xplane_interfaces/_xplane_interfaces_s.ep.rosidl_typesupport_fastrtps_c.c
-- Installing: /home/uas/Documents/blue/git repos/xplane_ros2/install/xplane_interfaces/lib/python3.11/site-packages/xplane_interfaces/_xplane_interfaces_s.ep.rosidl_typesupport_c.c
-- Installing: /home/uas/Documents/blue/git repos/xplane_ros2/install/xplane_interfaces/lib/python3.11/site-packages/xplane_interfaces/xplane_interfaces_s__rosidl_typesupport_c.cpython-311-x86_64-linux-gnu.so
-- Installing: /home/uas/Documents/blue/git repos/xplane_ros2/install/xplane_interfaces/lib/python3.11/site-packages/xplane_interfaces/msg
-- Installing: /home/uas/Documents/blue/git repos/xplane_ros2/install/xplane_interfaces/lib/python3.11/site-packages/xplane_interfaces/msg/_uav_control_s.c
-- Installing: /home/uas/Documents/blue/git repos/xplane_ros2/install/xplane_interfaces/lib/python3.11/site-packages/xplane_interfaces/msg/_uav_state.py
-- Installing: /home/uas/Documents/blue/git repos/xplane_ros2/install/xplane_interfaces/lib/python3.11/site-packages/xplane_interfaces/msg/_uav_state_s.c
-- Installing: /home/uas/Documents/blue/git repos/xplane_ros2/install/xplane_interfaces/lib/python3.11/site-packages/xplane_interfaces/msg/__init__.py
-- Installing: /home/uas/Documents/blue/git repos/xplane_ros2/install/xplane_interfaces/lib/python3.11/site-packages/xplane_interfaces/msg/_uav_control.py
-- Installing: /home/uas/Documents/blue/git repos/xplane_ros2/install/xplane_interfaces/lib/python3.11/site-packages/xplane_interfaces/_xplane_interfaces_s.ep.rosidl_typesupport_introspection_c.c
-- Installing: /home/uas/Documents/blue/git repos/xplane_ros2/install/xplane_interfaces/lib/python3.11/site-packages/xplane_interfaces/__init__.py
-- Installing: /home/uas/Documents/blue/git repos/xplane_ros2/install/xplane_interfaces/lib/python3.11/site-packages/xplane_interfaces/xplane_interfaces_s__rosidl_typesupport_fastrtps_c.cpython-311-x86_64-linux-gnu.so
Listing '/home/uas/Documents/blue/git repos/xplane_ros2/install/xplane_interfaces/lib/python3.11/site-packages/xplane_interfaces'...
Compiling '/home/uas/Documents/blue/git repos/xplane_ros2/install/xplane_interfaces/lib/python3.11/site-packages/xplane_interfaces/__init__.py'...
Listing '/home/uas/Documents/blue/git repos/xplane_ros2/install/xplane_interfaces/lib/python3.11/site-packages/xplane_interfaces/msg'...
Compiling '/home/uas/Documents/blue/git repos/xplane_ros2/install/xplane_interfaces/lib/python3.11/site-packages/xplane_interfaces/msg/__init__.py'...
Compiling '/home/uas/Documents/blue/git repos/xplane_ros2/install/xplane_interfaces/lib/python3.11/site-packages/xplane_interfaces/msg/_uav_control.py'...
Compiling '/home/uas/Documents/blue/git repos/xplane_ros2/install/xplane_interfaces/lib/python3.11/site-packages/xplane_interfaces/msg/_uav_state.py'...
-- Installing: /home/uas/Documents/blue/git repos/xplane_ros2/install/xplane_interfaces/lib/python3.11/site-packages/xplane_interfaces/xplane_interfaces_s__rosidl_typesupport_fastrtps_c.cpython-311-x86_64-linux-gnu.so
-- Set non-toolchain portion of runtime path of "/home/uas/Documents/blue/git repos/xplane_ros2/install/xplane_interfaces/lib/python3.11/site-packages/xplane_interfaces/xplane_interfaces_s__rosidl_typesupport_fastrtps_c.cpython-311-x86_64-linux-gnu.so" to ""
-- Installing: /home/uas/Documents/blue/git repos/xplane_ros2/install/xplane_interfaces/lib/python3.11/site-packages/xplane_interfaces/xplane_interfaces_s__rosidl_typesupport_introspection_c.cpython-311-x86_64-linux-gnu.so
-- Set non-toolchain portion of runtime path of "/home/uas/Documents/blue/git repos/xplane_ros2/install/xplane_interfaces/lib/python3.11/site-packages/xplane_interfaces/xplane_interfaces_s__rosidl_typesupport_introspection_c.cpython-311-x86_64-linux-gnu.so" to ""
-- Installing: /home/uas/Documents/blue/git repos/xplane_ros2/install/xplane_interfaces/lib/python3.11/site-packages/xplane_interfaces/xplane_interfaces_s__rosidl_typesupport_c.cpython-311-x86_64-linux-gnu.so
-- Set non-toolchain portion of runtime path of "/home/uas/Documents/blue/git repos/xplane_ros2/install/xplane_interfaces/lib/python3.11/site-packages/xplane_interfaces/xplane_interfaces_s__rosidl_typesupport_c.cpython-311-x86_64-linux-gnu.so" to ""
-- Installing: /home/uas/Documents/blue/git repos/xplane_ros2/install/xplane_interfaces/lib/libxplane_interfaces__rosidl_generator_py.so
-- Set non-toolchain portion of runtime path of "/home/uas/Documents/blue/git repos/xplane_ros2/install/xplane_interfaces/lib/libxplane_interfaces__rosidl_generator_py.so" to ""
-- Installing: /home/uas/Documents/blue/git repos/xplane_ros2/install/xplane_interfaces/share/xplane_interfaces/msg/UAVState.idl
-- Installing: /home/uas/Documents/blue/git repos/xplane_ros2/install/xplane_interfaces/share/xplane_interfaces/msg/UAVControl.idl
-- Installing: /home/uas/Documents/blue/git repos/xplane_ros2/install/xplane_interfaces/share/xplane_interfaces/msg/UAVState.msg
-- Installing: /home/uas/Documents/blue/git repos/xplane_ros2/install/xplane_interfaces/share/xplane_interfaces/msg/UAVControl.msg
-- Installing: /home/uas/Documents/blue/git repos/xplane_ros2/install/xplane_interfaces/share/ament_index/resource_index/package_run_dependencies/xplane_interfaces
-- Up-to-date: /home/uas/Documents/blue/git repos/xplane_ros2/install/xplane_interfaces/share/ament_index/resource_index/parent_prefix_path/xplane_interfaces
-- Up-to-date: /home/uas/Documents/blue/git repos/xplane_ros2/install/xplane_interfaces/share/xplane_interfaces/environment/ament_prefix_path.sh
-- Installing: /home/uas/Documents/blue/git repos/xplane_ros2/install/xplane_interfaces/share/xplane_interfaces/environment/ament_prefix_path.dsv
-- Up-to-date: /home/uas/Documents/blue/git repos/xplane_ros2/install/xplane_interfaces/share/xplane_interfaces/environment/path.sh
-- Installing: /home/uas/Documents/blue/git repos/xplane_ros2/install/xplane_interfaces/share/xplane_interfaces/environment/path.dsv
-- Up-to-date: /home/uas/Documents/blue/git repos/xplane_ros2/install/xplane_interfaces/share/xplane_interfaces/local_setup.bash
-- Installing: /home/uas/Documents/blue/git repos/xplane_ros2/install/xplane_interfaces/share/xplane_interfaces/local_setup.sh
-- Up-to-date: /home/uas/Documents/blue/git repos/xplane_ros2/install/xplane_interfaces/share/xplane_interfaces/local_setup.zsh
-- Installing: /home/uas/Documents/blue/git repos/xplane_ros2/install/xplane_interfaces/share/xplane_interfaces/local_setup.dsv
-- Installing: /home/uas/Documents/blue/git repos/xplane_ros2/install/xplane_interfaces/share/xplane_interfaces/package.dsv
-- Up-to-date: /home/uas/Documents/blue/git repos/xplane_ros2/install/xplane_interfaces/share/ament_index/resource_index/packages/xplane_interfaces
-- Installing: /home/uas/Documents/blue/git repos/xplane_ros2/install/xplane_interfaces/share/xplane_interfaces/cmake/export_xplane_interfaces__rosidl_generator_cExport.cmake
-- Installing: /home/uas/Documents/blue/git repos/xplane_ros2/install/xplane_interfaces/share/xplane_interfaces/cmake/export_xplane_interfaces__rosidl_generator_cExport-noconfig.cmake
-- Installing: /home/uas/Documents/blue/git repos/xplane_ros2/install/xplane_interfaces/share/xplane_interfaces/cmake/export_xplane_interfaces__rosidl_typesupport_fastrtps_cExport.cmake
-- Installing: /home/uas/Documents/blue/git repos/xplane_ros2/install/xplane_interfaces/share/xplane_interfaces/cmake/export_xplane_interfaces__rosidl_typesupport_fastrtps_cExport-noconfig.cmake
-- Installing: /home/uas/Documents/blue/git repos/xplane_ros2/install/xplane_interfaces/share/xplane_interfaces/cmake/export_xplane_interfaces__rosidl_generator_cppExport.cmake
-- Installing: /home/uas/Documents/blue/git repos/xplane_ros2/install/xplane_interfaces/share/xplane_interfaces/cmake/export_xplane_interfaces__rosidl_typesupport_fastrtps_cppExport.cmake
-- Installing: /home/uas/Documents/blue/git repos/xplane_ros2/install/xplane_interfaces/share/xplane_interfaces/cmake/export_xplane_interfaces__rosidl_typesupport_fastrtps_cppExport-noconfig.cmake
-- Installing: /home/uas/Documents/blue/git repos/xplane_ros2/install/xplane_interfaces/share/xplane_interfaces/cmake/xplane_interfaces__rosidl_typesupport_introspection_cExport.cmake
-- Installing: /home/uas/Documents/blue/git repos/xplane_ros2/install/xplane_interfaces/share/xplane_interfaces/cmake/xplane_interfaces__rosidl_typesupport_introspection_cExport-noconfig.cmake
-- Installing: /home/uas/Documents/blue/git repos/xplane_ros2/install/xplane_interfaces/share/xplane_interfaces/cmake/xplane_interfaces__rosidl_typesupport_cExport.cmake
-- Installing: /home/uas/Documents/blue/git repos/xplane_ros2/install/xplane_interfaces/share/xplane_interfaces/cmake/xplane_interfaces__rosidl_typesupport_cExport-noconfig.cmake
-- Installing: /home/uas/Documents/blue/git repos/xplane_ros2/install/xplane_interfaces/share/xplane_interfaces/cmake/xplane_interfaces__rosidl_typesupport_introspection_cppExport.cmake
-- Installing: /home/uas/Documents/blue/git repos/xplane_ros2/install/xplane_interfaces/share/xplane_interfaces/cmake/xplane_interfaces__rosidl_typesupport_introspection_cppExport-noconfig.cmake
-- Installing: /home/uas/Documents/blue/git repos/xplane_ros2/install/xplane_interfaces/share/xplane_interfaces/cmake/xplane_interfaces__rosidl_typesupport_cppExport.cmake
-- Installing: /home/uas/Documents/blue/git repos/xplane_ros2/install/xplane_interfaces/share/xplane_interfaces/cmake/xplane_interfaces__rosidl_typesupport_cppExport-noconfig.cmake
-- Installing: /home/uas/Documents/blue/git repos/xplane_ros2/install/xplane_interfaces/share/xplane_interfaces/cmake/export_xplane_interfaces__rosidl_generator_pyExport.cmake
-- Installing: /home/uas/Documents/blue/git repos/xplane_ros2/install/xplane_interfaces/share/xplane_interfaces/cmake/export_xplane_interfaces__rosidl_generator_pyExport-noconfig.cmake
-- Installing: /home/uas/Documents/blue/git repos/xplane_ros2/install/xplane_interfaces/share/xplane_interfaces/cmake/rosidl_cmake-extras.cmake
-- Installing: /home/uas/Documents/blue/git repos/xplane_ros2/install/xplane_interfaces/share/xplane_interfaces/cmake/ament_cmake_export_dependencies-extras.cmake
-- Installing: /home/uas/Documents/blue/git repos/xplane_ros2/install/xplane_interfaces/share/xplane_interfaces/cmake/ament_cmake_export_include_directories-extras.cmake
-- Installing: /home/uas/Documents/blue/git repos/xplane_ros2/install/xplane_interfaces/share/xplane_interfaces/cmake/ament_cmake_export_libraries-extras.cmake
-- Installing: /home/uas/Documents/blue/git repos/xplane_ros2/install/xplane_interfaces/share/xplane_interfaces/cmake/ament_cmake_export_targets-extras.cmake
-- Installing: /home/uas/Documents/blue/git repos/xplane_ros2/install/xplane_interfaces/share/xplane_interfaces/cmake/rosidl_cmake_export_typesupport_targets-extras.cmake
-- Installing: /home/uas/Documents/blue/git repos/xplane_ros2/install/xplane_interfaces/share/xplane_interfaces/cmake/rosidl_cmake_export_typesupport_libraries-extras.cmake
-- Installing: /home/uas/Documents/blue/git repos/xplane_ros2/install/xplane_interfaces/share/xplane_interfaces/cmake/xplane_interfacesConfig.cmake
-- Up-to-date: /home/uas/Documents/blue/git repos/xplane_ros2/install/xplane_interfaces/share/xplane_interfaces/cmake/xplane_interfacesConfig-version.cmake
-- Installing: /home/uas/Documents/blue/git repos/xplane_ros2/install/xplane_interfaces/share/xplane_interfaces/package.xml
