[0.006s] Invoking command in '/home/uas/Documents/blue/git repos/xplane_ros2/build/xplane_interfaces': CMAKE_PREFIX_PATH=/opt/ros/humble CONDA_PROMPT_MODIFIER=(fuas) /usr/bin/cmake --build /home/uas/Documents/blue/git repos/xplane_ros2/build/xplane_interfaces -- -j24 -l24
[0.016s] -- Found ament_cmake: 1.3.8 (/opt/ros/humble/share/ament_cmake/cmake)
[0.121s] -- Found rclcpp: 16.0.8 (/opt/ros/humble/share/rclcpp/cmake)
[0.136s] -- Found rosidl_generator_c: 3.1.5 (/opt/ros/humble/share/rosidl_generator_c/cmake)
[0.137s] -- Found rosidl_adapter: 3.1.5 (/opt/ros/humble/share/rosidl_adapter/cmake)
[0.141s] -- Found rosidl_generator_cpp: 3.1.5 (/opt/ros/humble/share/rosidl_generator_cpp/cmake)
[0.146s] -- Using all available rosidl_typesupport_c: rosidl_typesupport_fastrtps_c;rosidl_typesupport_introspection_c
[0.155s] -- Using all available rosidl_typesupport_cpp: rosidl_typesupport_fastrtps_cpp;rosidl_typesupport_introspection_cpp
[0.186s] -- Found rmw_implementation_cmake: 6.1.1 (/opt/ros/humble/share/rmw_implementation_cmake/cmake)
[0.187s] -- Found rmw_fastrtps_cpp: 6.2.6 (/opt/ros/humble/share/rmw_fastrtps_cpp/cmake)
[0.248s] -- Using RMW implementation 'rmw_fastrtps_cpp' as default
[0.335s] -- Found rosidl_default_generators: 1.2.0 (/opt/ros/humble/share/rosidl_default_generators/cmake)
[0.338s] -- Found ament_lint_auto: 0.12.10 (/opt/ros/humble/share/ament_lint_auto/cmake)
[0.584s] -- Found ament_cmake_ros: 0.10.0 (/opt/ros/humble/share/ament_cmake_ros/cmake)
[1.036s] -- Using all available rosidl_typesupport_c: rosidl_typesupport_fastrtps_c;rosidl_typesupport_introspection_c
[1.209s] -- Using all available rosidl_typesupport_cpp: rosidl_typesupport_fastrtps_cpp;rosidl_typesupport_introspection_cpp
[1.210s] [33mCMake Warning (dev) at /opt/ros/humble/share/rosidl_generator_py/cmake/rosidl_generator_py_generate_interfaces.cmake:20 (find_package):
[1.210s]   Policy CMP0148 is not set: The FindPythonInterp and FindPythonLibs modules
[1.210s]   are removed.  Run "cmake --help-policy CMP0148" for policy details.  Use
[1.210s]   the cmake_policy command to set the policy and suppress this warning.
[1.210s] 
[1.210s] Call Stack (most recent call first):
[1.210s]   /opt/ros/humble/share/ament_cmake_core/cmake/core/ament_execute_extensions.cmake:48 (include)
[1.210s]   /opt/ros/humble/share/rosidl_cmake/cmake/rosidl_generate_interfaces.cmake:286 (ament_execute_extensions)
[1.210s]   CMakeLists.txt:26 (rosidl_generate_interfaces)
[1.210s] This warning is for project developers.  Use -Wno-dev to suppress it.
[1.210s] [0m
[1.220s] -- Found python_cmake_module: 0.10.0 (/opt/ros/humble/share/python_cmake_module/cmake)
[1.221s] [33mCMake Warning (dev) at /opt/ros/humble/share/python_cmake_module/cmake/Modules/FindPythonExtra.cmake:52 (find_package):
[1.221s]   Policy CMP0148 is not set: The FindPythonInterp and FindPythonLibs modules
[1.221s]   are removed.  Run "cmake --help-policy CMP0148" for policy details.  Use
[1.221s]   the cmake_policy command to set the policy and suppress this warning.
[1.221s] 
[1.221s] Call Stack (most recent call first):
[1.221s]   /opt/ros/humble/share/rosidl_generator_py/cmake/rosidl_generator_py_generate_interfaces.cmake:23 (find_package)
[1.221s]   /opt/ros/humble/share/ament_cmake_core/cmake/core/ament_execute_extensions.cmake:48 (include)
[1.221s]   /opt/ros/humble/share/rosidl_cmake/cmake/rosidl_generate_interfaces.cmake:286 (ament_execute_extensions)
[1.221s]   CMakeLists.txt:26 (rosidl_generate_interfaces)
[1.221s] This warning is for project developers.  Use -Wno-dev to suppress it.
[1.221s] [0m
[1.232s] [33mCMake Warning (dev) at /opt/ros/humble/share/python_cmake_module/cmake/Modules/FindPythonExtra.cmake:140 (find_package):
[1.232s]   Policy CMP0148 is not set: The FindPythonInterp and FindPythonLibs modules
[1.232s]   are removed.  Run "cmake --help-policy CMP0148" for policy details.  Use
[1.232s]   the cmake_policy command to set the policy and suppress this warning.
[1.232s] 
[1.232s] Call Stack (most recent call first):
[1.232s]   /opt/ros/humble/share/rosidl_generator_py/cmake/rosidl_generator_py_generate_interfaces.cmake:23 (find_package)
[1.232s]   /opt/ros/humble/share/ament_cmake_core/cmake/core/ament_execute_extensions.cmake:48 (include)
[1.232s]   /opt/ros/humble/share/rosidl_cmake/cmake/rosidl_generate_interfaces.cmake:286 (ament_execute_extensions)
[1.232s]   CMakeLists.txt:26 (rosidl_generate_interfaces)
[1.232s] This warning is for project developers.  Use -Wno-dev to suppress it.
[1.232s] [0m
[1.233s] -- Using PYTHON_EXECUTABLE: /home/uas/anaconda3/bin/python3
[1.233s] -- Using PYTHON_INCLUDE_DIRS: /home/uas/anaconda3/include/python3.11
[1.233s] -- Using PYTHON_LIBRARIES: /home/uas/anaconda3/lib/libpython3.11.so
[1.305s] -- Using numpy include directory: /home/uas/anaconda3/lib/python3.11/site-packages/numpy/core/include
[1.311s] -- Added test 'lint_cmake' to check CMake code style
[1.312s] -- Added test 'xmllint' to check XML markup files
[1.313s] -- Configuring done (1.3s)
[1.331s] -- Generating done (0.0s)
[1.332s] -- Build files have been written to: /home/uas/Documents/blue/git repos/xplane_ros2/build/xplane_interfaces
[1.346s] [  2%] Built target xplane_interfaces__cpp
[1.347s] [  5%] [32mBuilding C object CMakeFiles/xplane_interfaces__rosidl_generator_c.dir/rosidl_generator_c/xplane_interfaces/msg/detail/uav_state__functions.c.o[0m
[1.347s] [  7%] [32mBuilding C object CMakeFiles/xplane_interfaces__rosidl_generator_c.dir/rosidl_generator_c/xplane_interfaces/msg/detail/uav_control__functions.c.o[0m
[1.348s] [  7%] Built target ament_cmake_python_copy_xplane_interfaces
[1.353s] [ 10%] [32mBuilding CXX object CMakeFiles/xplane_interfaces__rosidl_typesupport_cpp.dir/rosidl_typesupport_cpp/xplane_interfaces/msg/uav_state__type_support.cpp.o[0m
[1.354s] [ 12%] [32mBuilding CXX object CMakeFiles/xplane_interfaces__rosidl_typesupport_fastrtps_cpp.dir/rosidl_typesupport_fastrtps_cpp/xplane_interfaces/msg/detail/dds_fastrtps/uav_state__type_support.cpp.o[0m
[1.354s] [ 15%] [32mBuilding CXX object CMakeFiles/xplane_interfaces__rosidl_typesupport_cpp.dir/rosidl_typesupport_cpp/xplane_interfaces/msg/uav_control__type_support.cpp.o[0m
[1.354s] [ 17%] [32mBuilding CXX object CMakeFiles/xplane_interfaces__rosidl_typesupport_introspection_cpp.dir/rosidl_typesupport_introspection_cpp/xplane_interfaces/msg/detail/uav_state__type_support.cpp.o[0m
[1.355s] [ 20%] [32mBuilding CXX object CMakeFiles/xplane_interfaces__rosidl_typesupport_introspection_cpp.dir/rosidl_typesupport_introspection_cpp/xplane_interfaces/msg/detail/uav_control__type_support.cpp.o[0m
[1.356s] [ 23%] [32mBuilding CXX object CMakeFiles/xplane_interfaces__rosidl_typesupport_fastrtps_cpp.dir/rosidl_typesupport_fastrtps_cpp/xplane_interfaces/msg/detail/dds_fastrtps/uav_control__type_support.cpp.o[0m
[1.388s] [ 25%] [32m[1mLinking C shared library libxplane_interfaces__rosidl_generator_c.so[0m
[1.408s] [ 28%] Built target xplane_interfaces__rosidl_generator_c
[1.411s] [ 30%] [34m[1mGenerating C type support for eProsima Fast-RTPS[0m
[1.411s] [ 33%] [34m[1mGenerating C introspection for ROS interfaces[0m
[1.412s] [ 35%] [34m[1mGenerating C type support dispatch for ROS interfaces[0m
[1.463s] running egg_info
[1.471s] writing xplane_interfaces.egg-info/PKG-INFO
[1.472s] writing dependency_links to xplane_interfaces.egg-info/dependency_links.txt
[1.472s] writing top-level names to xplane_interfaces.egg-info/top_level.txt
[1.497s] reading manifest file 'xplane_interfaces.egg-info/SOURCES.txt'
[1.497s] writing manifest file 'xplane_interfaces.egg-info/SOURCES.txt'
[1.512s] [ 35%] Built target ament_cmake_python_build_xplane_interfaces_egg
[1.545s] [ 38%] [32mBuilding C object CMakeFiles/xplane_interfaces__rosidl_typesupport_introspection_c.dir/rosidl_typesupport_introspection_c/xplane_interfaces/msg/detail/uav_state__type_support.c.o[0m
[1.545s] [ 41%] [32mBuilding C object CMakeFiles/xplane_interfaces__rosidl_typesupport_introspection_c.dir/rosidl_typesupport_introspection_c/xplane_interfaces/msg/detail/uav_control__type_support.c.o[0m
[1.548s] [ 43%] [32m[1mLinking CXX shared library libxplane_interfaces__rosidl_typesupport_introspection_cpp.so[0m
[1.548s] [ 46%] [32mBuilding CXX object CMakeFiles/xplane_interfaces__rosidl_typesupport_fastrtps_c.dir/rosidl_typesupport_fastrtps_c/xplane_interfaces/msg/detail/uav_state__type_support_c.cpp.o[0m
[1.548s] [ 48%] [32mBuilding CXX object CMakeFiles/xplane_interfaces__rosidl_typesupport_fastrtps_c.dir/rosidl_typesupport_fastrtps_c/xplane_interfaces/msg/detail/uav_control__type_support_c.cpp.o[0m
[1.554s] [ 51%] [32m[1mLinking CXX shared library libxplane_interfaces__rosidl_typesupport_fastrtps_cpp.so[0m
[1.561s] [ 53%] [32m[1mLinking C shared library libxplane_interfaces__rosidl_typesupport_introspection_c.so[0m
[1.565s] [ 56%] [32m[1mLinking CXX shared library libxplane_interfaces__rosidl_typesupport_cpp.so[0m
[1.574s] [ 56%] Built target xplane_interfaces__rosidl_typesupport_introspection_c
[1.578s] [ 58%] Built target xplane_interfaces__rosidl_typesupport_introspection_cpp
[1.582s] [ 61%] Built target xplane_interfaces__rosidl_typesupport_cpp
[1.590s] [ 64%] Built target xplane_interfaces__rosidl_typesupport_fastrtps_cpp
[1.602s] [ 66%] [32mBuilding CXX object CMakeFiles/xplane_interfaces__rosidl_typesupport_c.dir/rosidl_typesupport_c/xplane_interfaces/msg/uav_state__type_support.cpp.o[0m
[1.602s] [ 69%] [32mBuilding CXX object CMakeFiles/xplane_interfaces__rosidl_typesupport_c.dir/rosidl_typesupport_c/xplane_interfaces/msg/uav_control__type_support.cpp.o[0m
[1.616s] [ 71%] [32m[1mLinking CXX shared library libxplane_interfaces__rosidl_typesupport_c.so[0m
[1.633s] [ 71%] Built target xplane_interfaces__rosidl_typesupport_c
[1.698s] [ 74%] [32m[1mLinking CXX shared library libxplane_interfaces__rosidl_typesupport_fastrtps_c.so[0m
[1.732s] [ 74%] Built target xplane_interfaces__rosidl_typesupport_fastrtps_c
[1.738s] [ 74%] Built target xplane_interfaces
[1.744s] [ 76%] [34m[1mGenerating Python code for ROS interfaces[0m
[1.907s] [ 76%] Built target xplane_interfaces__py
[1.913s] [ 79%] [32mBuilding C object CMakeFiles/xplane_interfaces__rosidl_generator_py.dir/rosidl_generator_py/xplane_interfaces/msg/_uav_state_s.c.o[0m
[1.913s] [ 82%] [32mBuilding C object CMakeFiles/xplane_interfaces__rosidl_generator_py.dir/rosidl_generator_py/xplane_interfaces/msg/_uav_control_s.c.o[0m
[1.977s] [ 84%] [32m[1mLinking C shared library rosidl_generator_py/xplane_interfaces/libxplane_interfaces__rosidl_generator_py.so[0m
[1.996s] [ 84%] Built target xplane_interfaces__rosidl_generator_py
[2.004s] [ 87%] [32mBuilding C object CMakeFiles/xplane_interfaces__rosidl_typesupport_fastrtps_c__pyext.dir/rosidl_generator_py/xplane_interfaces/_xplane_interfaces_s.ep.rosidl_typesupport_fastrtps_c.c.o[0m
[2.004s] [ 89%] [32mBuilding C object CMakeFiles/xplane_interfaces__rosidl_typesupport_introspection_c__pyext.dir/rosidl_generator_py/xplane_interfaces/_xplane_interfaces_s.ep.rosidl_typesupport_introspection_c.c.o[0m
[2.004s] [ 92%] [32mBuilding C object CMakeFiles/xplane_interfaces__rosidl_typesupport_c__pyext.dir/rosidl_generator_py/xplane_interfaces/_xplane_interfaces_s.ep.rosidl_typesupport_c.c.o[0m
[2.056s] [100%] [32m[1mLinking C shared library rosidl_generator_py/xplane_interfaces/xplane_interfaces_s__rosidl_typesupport_fastrtps_c.cpython-311-x86_64-linux-gnu.so[0m
[2.056s] [100%] [32m[1mLinking C shared library rosidl_generator_py/xplane_interfaces/xplane_interfaces_s__rosidl_typesupport_c.cpython-311-x86_64-linux-gnu.so[0m
[2.056s] [100%] [32m[1mLinking C shared library rosidl_generator_py/xplane_interfaces/xplane_interfaces_s__rosidl_typesupport_introspection_c.cpython-311-x86_64-linux-gnu.so[0m
[2.071s] [100%] Built target xplane_interfaces__rosidl_typesupport_fastrtps_c__pyext
[2.071s] [100%] Built target xplane_interfaces__rosidl_typesupport_introspection_c__pyext
[2.071s] [100%] Built target xplane_interfaces__rosidl_typesupport_c__pyext
[2.075s] Invoked command in '/home/uas/Documents/blue/git repos/xplane_ros2/build/xplane_interfaces' returned '0': CMAKE_PREFIX_PATH=/opt/ros/humble CONDA_PROMPT_MODIFIER=(fuas) /usr/bin/cmake --build /home/uas/Documents/blue/git repos/xplane_ros2/build/xplane_interfaces -- -j24 -l24
[2.153s] Invoking command in '/home/uas/Documents/blue/git repos/xplane_ros2/build/xplane_interfaces': CMAKE_PREFIX_PATH=/opt/ros/humble CONDA_PROMPT_MODIFIER=(fuas) /usr/bin/cmake --install /home/uas/Documents/blue/git repos/xplane_ros2/build/xplane_interfaces
[2.157s] -- Install configuration: ""
[2.157s] -- Installing: /home/uas/Documents/blue/git repos/xplane_ros2/install/xplane_interfaces/share/ament_index/resource_index/rosidl_interfaces/xplane_interfaces
[2.158s] -- Installing: /home/uas/Documents/blue/git repos/xplane_ros2/install/xplane_interfaces/include/xplane_interfaces/xplane_interfaces
[2.158s] -- Installing: /home/uas/Documents/blue/git repos/xplane_ros2/install/xplane_interfaces/include/xplane_interfaces/xplane_interfaces/msg
[2.158s] -- Installing: /home/uas/Documents/blue/git repos/xplane_ros2/install/xplane_interfaces/include/xplane_interfaces/xplane_interfaces/msg/uav_state.h
[2.158s] -- Installing: /home/uas/Documents/blue/git repos/xplane_ros2/install/xplane_interfaces/include/xplane_interfaces/xplane_interfaces/msg/uav_control.h
[2.158s] -- Installing: /home/uas/Documents/blue/git repos/xplane_ros2/install/xplane_interfaces/include/xplane_interfaces/xplane_interfaces/msg/detail
[2.158s] -- Installing: /home/uas/Documents/blue/git repos/xplane_ros2/install/xplane_interfaces/include/xplane_interfaces/xplane_interfaces/msg/detail/uav_control__functions.c
[2.159s] -- Installing: /home/uas/Documents/blue/git repos/xplane_ros2/install/xplane_interfaces/include/xplane_interfaces/xplane_interfaces/msg/detail/uav_state__functions.c
[2.159s] -- Installing: /home/uas/Documents/blue/git repos/xplane_ros2/install/xplane_interfaces/include/xplane_interfaces/xplane_interfaces/msg/detail/uav_state__type_support.h
[2.159s] -- Installing: /home/uas/Documents/blue/git repos/xplane_ros2/install/xplane_interfaces/include/xplane_interfaces/xplane_interfaces/msg/detail/uav_state__struct.h
[2.159s] -- Installing: /home/uas/Documents/blue/git repos/xplane_ros2/install/xplane_interfaces/include/xplane_interfaces/xplane_interfaces/msg/detail/uav_control__struct.h
[2.159s] -- Installing: /home/uas/Documents/blue/git repos/xplane_ros2/install/xplane_interfaces/include/xplane_interfaces/xplane_interfaces/msg/detail/uav_state__functions.h
[2.159s] -- Installing: /home/uas/Documents/blue/git repos/xplane_ros2/install/xplane_interfaces/include/xplane_interfaces/xplane_interfaces/msg/detail/uav_control__type_support.h
[2.159s] -- Installing: /home/uas/Documents/blue/git repos/xplane_ros2/install/xplane_interfaces/include/xplane_interfaces/xplane_interfaces/msg/detail/uav_control__functions.h
[2.160s] -- Installing: /home/uas/Documents/blue/git repos/xplane_ros2/install/xplane_interfaces/include/xplane_interfaces/xplane_interfaces/msg/rosidl_generator_c__visibility_control.h
[2.160s] -- Installing: /home/uas/Documents/blue/git repos/xplane_ros2/install/xplane_interfaces/share/xplane_interfaces/environment/library_path.sh
[2.160s] -- Installing: /home/uas/Documents/blue/git repos/xplane_ros2/install/xplane_interfaces/share/xplane_interfaces/environment/library_path.dsv
[2.160s] -- Installing: /home/uas/Documents/blue/git repos/xplane_ros2/install/xplane_interfaces/lib/libxplane_interfaces__rosidl_generator_c.so
[2.160s] -- Set non-toolchain portion of runtime path of "/home/uas/Documents/blue/git repos/xplane_ros2/install/xplane_interfaces/lib/libxplane_interfaces__rosidl_generator_c.so" to ""
[2.160s] -- Up-to-date: /home/uas/Documents/blue/git repos/xplane_ros2/install/xplane_interfaces/include/xplane_interfaces/xplane_interfaces
[2.161s] -- Up-to-date: /home/uas/Documents/blue/git repos/xplane_ros2/install/xplane_interfaces/include/xplane_interfaces/xplane_interfaces/msg
[2.161s] -- Up-to-date: /home/uas/Documents/blue/git repos/xplane_ros2/install/xplane_interfaces/include/xplane_interfaces/xplane_interfaces/msg/detail
[2.161s] -- Installing: /home/uas/Documents/blue/git repos/xplane_ros2/install/xplane_interfaces/include/xplane_interfaces/xplane_interfaces/msg/detail/uav_control__rosidl_typesupport_fastrtps_c.h
[2.161s] -- Installing: /home/uas/Documents/blue/git repos/xplane_ros2/install/xplane_interfaces/include/xplane_interfaces/xplane_interfaces/msg/detail/uav_state__rosidl_typesupport_fastrtps_c.h
[2.161s] -- Installing: /home/uas/Documents/blue/git repos/xplane_ros2/install/xplane_interfaces/include/xplane_interfaces/xplane_interfaces/msg/rosidl_typesupport_fastrtps_c__visibility_control.h
[2.161s] -- Installing: /home/uas/Documents/blue/git repos/xplane_ros2/install/xplane_interfaces/lib/libxplane_interfaces__rosidl_typesupport_fastrtps_c.so
[2.161s] -- Set non-toolchain portion of runtime path of "/home/uas/Documents/blue/git repos/xplane_ros2/install/xplane_interfaces/lib/libxplane_interfaces__rosidl_typesupport_fastrtps_c.so" to ""
[2.162s] -- Up-to-date: /home/uas/Documents/blue/git repos/xplane_ros2/install/xplane_interfaces/include/xplane_interfaces/xplane_interfaces
[2.162s] -- Up-to-date: /home/uas/Documents/blue/git repos/xplane_ros2/install/xplane_interfaces/include/xplane_interfaces/xplane_interfaces/msg
[2.162s] -- Installing: /home/uas/Documents/blue/git repos/xplane_ros2/install/xplane_interfaces/include/xplane_interfaces/xplane_interfaces/msg/uav_state.hpp
[2.162s] -- Up-to-date: /home/uas/Documents/blue/git repos/xplane_ros2/install/xplane_interfaces/include/xplane_interfaces/xplane_interfaces/msg/detail
[2.162s] -- Installing: /home/uas/Documents/blue/git repos/xplane_ros2/install/xplane_interfaces/include/xplane_interfaces/xplane_interfaces/msg/detail/uav_control__builder.hpp
[2.162s] -- Installing: /home/uas/Documents/blue/git repos/xplane_ros2/install/xplane_interfaces/include/xplane_interfaces/xplane_interfaces/msg/detail/uav_state__traits.hpp
[2.162s] -- Installing: /home/uas/Documents/blue/git repos/xplane_ros2/install/xplane_interfaces/include/xplane_interfaces/xplane_interfaces/msg/detail/uav_state__struct.hpp
[2.163s] -- Installing: /home/uas/Documents/blue/git repos/xplane_ros2/install/xplane_interfaces/include/xplane_interfaces/xplane_interfaces/msg/detail/uav_control__struct.hpp
[2.163s] -- Installing: /home/uas/Documents/blue/git repos/xplane_ros2/install/xplane_interfaces/include/xplane_interfaces/xplane_interfaces/msg/detail/uav_control__traits.hpp
[2.163s] -- Installing: /home/uas/Documents/blue/git repos/xplane_ros2/install/xplane_interfaces/include/xplane_interfaces/xplane_interfaces/msg/detail/uav_state__builder.hpp
[2.163s] -- Installing: /home/uas/Documents/blue/git repos/xplane_ros2/install/xplane_interfaces/include/xplane_interfaces/xplane_interfaces/msg/uav_control.hpp
[2.163s] -- Up-to-date: /home/uas/Documents/blue/git repos/xplane_ros2/install/xplane_interfaces/include/xplane_interfaces/xplane_interfaces
[2.163s] -- Up-to-date: /home/uas/Documents/blue/git repos/xplane_ros2/install/xplane_interfaces/include/xplane_interfaces/xplane_interfaces/msg
[2.163s] -- Installing: /home/uas/Documents/blue/git repos/xplane_ros2/install/xplane_interfaces/include/xplane_interfaces/xplane_interfaces/msg/rosidl_typesupport_fastrtps_cpp__visibility_control.h
[2.164s] -- Up-to-date: /home/uas/Documents/blue/git repos/xplane_ros2/install/xplane_interfaces/include/xplane_interfaces/xplane_interfaces/msg/detail
[2.164s] -- Installing: /home/uas/Documents/blue/git repos/xplane_ros2/install/xplane_interfaces/include/xplane_interfaces/xplane_interfaces/msg/detail/uav_control__rosidl_typesupport_fastrtps_cpp.hpp
[2.164s] -- Installing: /home/uas/Documents/blue/git repos/xplane_ros2/install/xplane_interfaces/include/xplane_interfaces/xplane_interfaces/msg/detail/dds_fastrtps
[2.164s] -- Installing: /home/uas/Documents/blue/git repos/xplane_ros2/install/xplane_interfaces/include/xplane_interfaces/xplane_interfaces/msg/detail/uav_state__rosidl_typesupport_fastrtps_cpp.hpp
[2.164s] -- Installing: /home/uas/Documents/blue/git repos/xplane_ros2/install/xplane_interfaces/lib/libxplane_interfaces__rosidl_typesupport_fastrtps_cpp.so
[2.164s] -- Set non-toolchain portion of runtime path of "/home/uas/Documents/blue/git repos/xplane_ros2/install/xplane_interfaces/lib/libxplane_interfaces__rosidl_typesupport_fastrtps_cpp.so" to ""
[2.164s] -- Up-to-date: /home/uas/Documents/blue/git repos/xplane_ros2/install/xplane_interfaces/include/xplane_interfaces/xplane_interfaces
[2.165s] -- Up-to-date: /home/uas/Documents/blue/git repos/xplane_ros2/install/xplane_interfaces/include/xplane_interfaces/xplane_interfaces/msg
[2.165s] -- Installing: /home/uas/Documents/blue/git repos/xplane_ros2/install/xplane_interfaces/include/xplane_interfaces/xplane_interfaces/msg/rosidl_typesupport_introspection_c__visibility_control.h
[2.165s] -- Up-to-date: /home/uas/Documents/blue/git repos/xplane_ros2/install/xplane_interfaces/include/xplane_interfaces/xplane_interfaces/msg/detail
[2.165s] -- Installing: /home/uas/Documents/blue/git repos/xplane_ros2/install/xplane_interfaces/include/xplane_interfaces/xplane_interfaces/msg/detail/uav_control__rosidl_typesupport_introspection_c.h
[2.165s] -- Installing: /home/uas/Documents/blue/git repos/xplane_ros2/install/xplane_interfaces/include/xplane_interfaces/xplane_interfaces/msg/detail/uav_control__type_support.c
[2.165s] -- Installing: /home/uas/Documents/blue/git repos/xplane_ros2/install/xplane_interfaces/include/xplane_interfaces/xplane_interfaces/msg/detail/uav_state__rosidl_typesupport_introspection_c.h
[2.165s] -- Installing: /home/uas/Documents/blue/git repos/xplane_ros2/install/xplane_interfaces/include/xplane_interfaces/xplane_interfaces/msg/detail/uav_state__type_support.c
[2.165s] -- Installing: /home/uas/Documents/blue/git repos/xplane_ros2/install/xplane_interfaces/lib/libxplane_interfaces__rosidl_typesupport_introspection_c.so
[2.165s] -- Set non-toolchain portion of runtime path of "/home/uas/Documents/blue/git repos/xplane_ros2/install/xplane_interfaces/lib/libxplane_interfaces__rosidl_typesupport_introspection_c.so" to ""
[2.165s] -- Installing: /home/uas/Documents/blue/git repos/xplane_ros2/install/xplane_interfaces/lib/libxplane_interfaces__rosidl_typesupport_c.so
[2.165s] -- Set non-toolchain portion of runtime path of "/home/uas/Documents/blue/git repos/xplane_ros2/install/xplane_interfaces/lib/libxplane_interfaces__rosidl_typesupport_c.so" to ""
[2.165s] -- Up-to-date: /home/uas/Documents/blue/git repos/xplane_ros2/install/xplane_interfaces/include/xplane_interfaces/xplane_interfaces
[2.165s] -- Up-to-date: /home/uas/Documents/blue/git repos/xplane_ros2/install/xplane_interfaces/include/xplane_interfaces/xplane_interfaces/msg
[2.165s] -- Up-to-date: /home/uas/Documents/blue/git repos/xplane_ros2/install/xplane_interfaces/include/xplane_interfaces/xplane_interfaces/msg/detail
[2.166s] -- Installing: /home/uas/Documents/blue/git repos/xplane_ros2/install/xplane_interfaces/include/xplane_interfaces/xplane_interfaces/msg/detail/uav_control__rosidl_typesupport_introspection_cpp.hpp
[2.166s] -- Installing: /home/uas/Documents/blue/git repos/xplane_ros2/install/xplane_interfaces/include/xplane_interfaces/xplane_interfaces/msg/detail/uav_state__rosidl_typesupport_introspection_cpp.hpp
[2.166s] -- Installing: /home/uas/Documents/blue/git repos/xplane_ros2/install/xplane_interfaces/include/xplane_interfaces/xplane_interfaces/msg/detail/uav_control__type_support.cpp
[2.166s] -- Installing: /home/uas/Documents/blue/git repos/xplane_ros2/install/xplane_interfaces/include/xplane_interfaces/xplane_interfaces/msg/detail/uav_state__type_support.cpp
[2.166s] -- Installing: /home/uas/Documents/blue/git repos/xplane_ros2/install/xplane_interfaces/lib/libxplane_interfaces__rosidl_typesupport_introspection_cpp.so
[2.166s] -- Set non-toolchain portion of runtime path of "/home/uas/Documents/blue/git repos/xplane_ros2/install/xplane_interfaces/lib/libxplane_interfaces__rosidl_typesupport_introspection_cpp.so" to ""
[2.166s] -- Installing: /home/uas/Documents/blue/git repos/xplane_ros2/install/xplane_interfaces/lib/libxplane_interfaces__rosidl_typesupport_cpp.so
[2.166s] -- Set non-toolchain portion of runtime path of "/home/uas/Documents/blue/git repos/xplane_ros2/install/xplane_interfaces/lib/libxplane_interfaces__rosidl_typesupport_cpp.so" to ""
[2.166s] -- Installing: /home/uas/Documents/blue/git repos/xplane_ros2/install/xplane_interfaces/share/xplane_interfaces/environment/pythonpath.sh
[2.166s] -- Installing: /home/uas/Documents/blue/git repos/xplane_ros2/install/xplane_interfaces/share/xplane_interfaces/environment/pythonpath.dsv
[2.166s] -- Installing: /home/uas/Documents/blue/git repos/xplane_ros2/install/xplane_interfaces/lib/python3.11/site-packages/xplane_interfaces-0.0.0-py3.11.egg-info
[2.166s] -- Installing: /home/uas/Documents/blue/git repos/xplane_ros2/install/xplane_interfaces/lib/python3.11/site-packages/xplane_interfaces-0.0.0-py3.11.egg-info/SOURCES.txt
[2.166s] -- Installing: /home/uas/Documents/blue/git repos/xplane_ros2/install/xplane_interfaces/lib/python3.11/site-packages/xplane_interfaces-0.0.0-py3.11.egg-info/PKG-INFO
[2.166s] -- Installing: /home/uas/Documents/blue/git repos/xplane_ros2/install/xplane_interfaces/lib/python3.11/site-packages/xplane_interfaces-0.0.0-py3.11.egg-info/top_level.txt
[2.166s] -- Installing: /home/uas/Documents/blue/git repos/xplane_ros2/install/xplane_interfaces/lib/python3.11/site-packages/xplane_interfaces-0.0.0-py3.11.egg-info/dependency_links.txt
[2.166s] -- Installing: /home/uas/Documents/blue/git repos/xplane_ros2/install/xplane_interfaces/lib/python3.11/site-packages/xplane_interfaces
[2.166s] -- Installing: /home/uas/Documents/blue/git repos/xplane_ros2/install/xplane_interfaces/lib/python3.11/site-packages/xplane_interfaces/libxplane_interfaces__rosidl_generator_py.so
[2.166s] -- Installing: /home/uas/Documents/blue/git repos/xplane_ros2/install/xplane_interfaces/lib/python3.11/site-packages/xplane_interfaces/xplane_interfaces_s__rosidl_typesupport_introspection_c.cpython-311-x86_64-linux-gnu.so
[2.167s] -- Installing: /home/uas/Documents/blue/git repos/xplane_ros2/install/xplane_interfaces/lib/python3.11/site-packages/xplane_interfaces/_xplane_interfaces_s.ep.rosidl_typesupport_fastrtps_c.c
[2.167s] -- Installing: /home/uas/Documents/blue/git repos/xplane_ros2/install/xplane_interfaces/lib/python3.11/site-packages/xplane_interfaces/_xplane_interfaces_s.ep.rosidl_typesupport_c.c
[2.167s] -- Installing: /home/uas/Documents/blue/git repos/xplane_ros2/install/xplane_interfaces/lib/python3.11/site-packages/xplane_interfaces/xplane_interfaces_s__rosidl_typesupport_c.cpython-311-x86_64-linux-gnu.so
[2.167s] -- Installing: /home/uas/Documents/blue/git repos/xplane_ros2/install/xplane_interfaces/lib/python3.11/site-packages/xplane_interfaces/msg
[2.167s] -- Installing: /home/uas/Documents/blue/git repos/xplane_ros2/install/xplane_interfaces/lib/python3.11/site-packages/xplane_interfaces/msg/_uav_control_s.c
[2.167s] -- Installing: /home/uas/Documents/blue/git repos/xplane_ros2/install/xplane_interfaces/lib/python3.11/site-packages/xplane_interfaces/msg/_uav_state.py
[2.167s] -- Installing: /home/uas/Documents/blue/git repos/xplane_ros2/install/xplane_interfaces/lib/python3.11/site-packages/xplane_interfaces/msg/_uav_state_s.c
[2.167s] -- Installing: /home/uas/Documents/blue/git repos/xplane_ros2/install/xplane_interfaces/lib/python3.11/site-packages/xplane_interfaces/msg/__init__.py
[2.167s] -- Installing: /home/uas/Documents/blue/git repos/xplane_ros2/install/xplane_interfaces/lib/python3.11/site-packages/xplane_interfaces/msg/_uav_control.py
[2.167s] -- Installing: /home/uas/Documents/blue/git repos/xplane_ros2/install/xplane_interfaces/lib/python3.11/site-packages/xplane_interfaces/_xplane_interfaces_s.ep.rosidl_typesupport_introspection_c.c
[2.167s] -- Installing: /home/uas/Documents/blue/git repos/xplane_ros2/install/xplane_interfaces/lib/python3.11/site-packages/xplane_interfaces/__init__.py
[2.167s] -- Installing: /home/uas/Documents/blue/git repos/xplane_ros2/install/xplane_interfaces/lib/python3.11/site-packages/xplane_interfaces/xplane_interfaces_s__rosidl_typesupport_fastrtps_c.cpython-311-x86_64-linux-gnu.so
[2.188s] Listing '/home/uas/Documents/blue/git repos/xplane_ros2/install/xplane_interfaces/lib/python3.11/site-packages/xplane_interfaces'...
[2.188s] Compiling '/home/uas/Documents/blue/git repos/xplane_ros2/install/xplane_interfaces/lib/python3.11/site-packages/xplane_interfaces/__init__.py'...
[2.188s] Listing '/home/uas/Documents/blue/git repos/xplane_ros2/install/xplane_interfaces/lib/python3.11/site-packages/xplane_interfaces/msg'...
[2.188s] Compiling '/home/uas/Documents/blue/git repos/xplane_ros2/install/xplane_interfaces/lib/python3.11/site-packages/xplane_interfaces/msg/__init__.py'...
[2.188s] Compiling '/home/uas/Documents/blue/git repos/xplane_ros2/install/xplane_interfaces/lib/python3.11/site-packages/xplane_interfaces/msg/_uav_control.py'...
[2.189s] Compiling '/home/uas/Documents/blue/git repos/xplane_ros2/install/xplane_interfaces/lib/python3.11/site-packages/xplane_interfaces/msg/_uav_state.py'...
[2.191s] -- Installing: /home/uas/Documents/blue/git repos/xplane_ros2/install/xplane_interfaces/lib/python3.11/site-packages/xplane_interfaces/xplane_interfaces_s__rosidl_typesupport_fastrtps_c.cpython-311-x86_64-linux-gnu.so
[2.191s] -- Set non-toolchain portion of runtime path of "/home/uas/Documents/blue/git repos/xplane_ros2/install/xplane_interfaces/lib/python3.11/site-packages/xplane_interfaces/xplane_interfaces_s__rosidl_typesupport_fastrtps_c.cpython-311-x86_64-linux-gnu.so" to ""
[2.191s] -- Installing: /home/uas/Documents/blue/git repos/xplane_ros2/install/xplane_interfaces/lib/python3.11/site-packages/xplane_interfaces/xplane_interfaces_s__rosidl_typesupport_introspection_c.cpython-311-x86_64-linux-gnu.so
[2.191s] -- Set non-toolchain portion of runtime path of "/home/uas/Documents/blue/git repos/xplane_ros2/install/xplane_interfaces/lib/python3.11/site-packages/xplane_interfaces/xplane_interfaces_s__rosidl_typesupport_introspection_c.cpython-311-x86_64-linux-gnu.so" to ""
[2.191s] -- Installing: /home/uas/Documents/blue/git repos/xplane_ros2/install/xplane_interfaces/lib/python3.11/site-packages/xplane_interfaces/xplane_interfaces_s__rosidl_typesupport_c.cpython-311-x86_64-linux-gnu.so
[2.191s] -- Set non-toolchain portion of runtime path of "/home/uas/Documents/blue/git repos/xplane_ros2/install/xplane_interfaces/lib/python3.11/site-packages/xplane_interfaces/xplane_interfaces_s__rosidl_typesupport_c.cpython-311-x86_64-linux-gnu.so" to ""
[2.191s] -- Installing: /home/uas/Documents/blue/git repos/xplane_ros2/install/xplane_interfaces/lib/libxplane_interfaces__rosidl_generator_py.so
[2.192s] -- Set non-toolchain portion of runtime path of "/home/uas/Documents/blue/git repos/xplane_ros2/install/xplane_interfaces/lib/libxplane_interfaces__rosidl_generator_py.so" to ""
[2.192s] -- Installing: /home/uas/Documents/blue/git repos/xplane_ros2/install/xplane_interfaces/share/xplane_interfaces/msg/UAVState.idl
[2.192s] -- Installing: /home/uas/Documents/blue/git repos/xplane_ros2/install/xplane_interfaces/share/xplane_interfaces/msg/UAVControl.idl
[2.192s] -- Installing: /home/uas/Documents/blue/git repos/xplane_ros2/install/xplane_interfaces/share/xplane_interfaces/msg/UAVState.msg
[2.192s] -- Installing: /home/uas/Documents/blue/git repos/xplane_ros2/install/xplane_interfaces/share/xplane_interfaces/msg/UAVControl.msg
[2.192s] -- Installing: /home/uas/Documents/blue/git repos/xplane_ros2/install/xplane_interfaces/share/ament_index/resource_index/package_run_dependencies/xplane_interfaces
[2.192s] -- Up-to-date: /home/uas/Documents/blue/git repos/xplane_ros2/install/xplane_interfaces/share/ament_index/resource_index/parent_prefix_path/xplane_interfaces
[2.192s] -- Up-to-date: /home/uas/Documents/blue/git repos/xplane_ros2/install/xplane_interfaces/share/xplane_interfaces/environment/ament_prefix_path.sh
[2.192s] -- Installing: /home/uas/Documents/blue/git repos/xplane_ros2/install/xplane_interfaces/share/xplane_interfaces/environment/ament_prefix_path.dsv
[2.192s] -- Up-to-date: /home/uas/Documents/blue/git repos/xplane_ros2/install/xplane_interfaces/share/xplane_interfaces/environment/path.sh
[2.192s] -- Installing: /home/uas/Documents/blue/git repos/xplane_ros2/install/xplane_interfaces/share/xplane_interfaces/environment/path.dsv
[2.192s] -- Up-to-date: /home/uas/Documents/blue/git repos/xplane_ros2/install/xplane_interfaces/share/xplane_interfaces/local_setup.bash
[2.192s] -- Installing: /home/uas/Documents/blue/git repos/xplane_ros2/install/xplane_interfaces/share/xplane_interfaces/local_setup.sh
[2.192s] -- Up-to-date: /home/uas/Documents/blue/git repos/xplane_ros2/install/xplane_interfaces/share/xplane_interfaces/local_setup.zsh
[2.193s] -- Installing: /home/uas/Documents/blue/git repos/xplane_ros2/install/xplane_interfaces/share/xplane_interfaces/local_setup.dsv
[2.193s] -- Installing: /home/uas/Documents/blue/git repos/xplane_ros2/install/xplane_interfaces/share/xplane_interfaces/package.dsv
[2.193s] -- Up-to-date: /home/uas/Documents/blue/git repos/xplane_ros2/install/xplane_interfaces/share/ament_index/resource_index/packages/xplane_interfaces
[2.193s] -- Installing: /home/uas/Documents/blue/git repos/xplane_ros2/install/xplane_interfaces/share/xplane_interfaces/cmake/export_xplane_interfaces__rosidl_generator_cExport.cmake
[2.193s] -- Installing: /home/uas/Documents/blue/git repos/xplane_ros2/install/xplane_interfaces/share/xplane_interfaces/cmake/export_xplane_interfaces__rosidl_generator_cExport-noconfig.cmake
[2.193s] -- Installing: /home/uas/Documents/blue/git repos/xplane_ros2/install/xplane_interfaces/share/xplane_interfaces/cmake/export_xplane_interfaces__rosidl_typesupport_fastrtps_cExport.cmake
[2.193s] -- Installing: /home/uas/Documents/blue/git repos/xplane_ros2/install/xplane_interfaces/share/xplane_interfaces/cmake/export_xplane_interfaces__rosidl_typesupport_fastrtps_cExport-noconfig.cmake
[2.193s] -- Installing: /home/uas/Documents/blue/git repos/xplane_ros2/install/xplane_interfaces/share/xplane_interfaces/cmake/export_xplane_interfaces__rosidl_generator_cppExport.cmake
[2.193s] -- Installing: /home/uas/Documents/blue/git repos/xplane_ros2/install/xplane_interfaces/share/xplane_interfaces/cmake/export_xplane_interfaces__rosidl_typesupport_fastrtps_cppExport.cmake
[2.193s] -- Installing: /home/uas/Documents/blue/git repos/xplane_ros2/install/xplane_interfaces/share/xplane_interfaces/cmake/export_xplane_interfaces__rosidl_typesupport_fastrtps_cppExport-noconfig.cmake
[2.193s] -- Installing: /home/uas/Documents/blue/git repos/xplane_ros2/install/xplane_interfaces/share/xplane_interfaces/cmake/xplane_interfaces__rosidl_typesupport_introspection_cExport.cmake
[2.193s] -- Installing: /home/uas/Documents/blue/git repos/xplane_ros2/install/xplane_interfaces/share/xplane_interfaces/cmake/xplane_interfaces__rosidl_typesupport_introspection_cExport-noconfig.cmake
[2.193s] -- Installing: /home/uas/Documents/blue/git repos/xplane_ros2/install/xplane_interfaces/share/xplane_interfaces/cmake/xplane_interfaces__rosidl_typesupport_cExport.cmake
[2.193s] -- Installing: /home/uas/Documents/blue/git repos/xplane_ros2/install/xplane_interfaces/share/xplane_interfaces/cmake/xplane_interfaces__rosidl_typesupport_cExport-noconfig.cmake
[2.193s] -- Installing: /home/uas/Documents/blue/git repos/xplane_ros2/install/xplane_interfaces/share/xplane_interfaces/cmake/xplane_interfaces__rosidl_typesupport_introspection_cppExport.cmake
[2.194s] -- Installing: /home/uas/Documents/blue/git repos/xplane_ros2/install/xplane_interfaces/share/xplane_interfaces/cmake/xplane_interfaces__rosidl_typesupport_introspection_cppExport-noconfig.cmake
[2.194s] -- Installing: /home/uas/Documents/blue/git repos/xplane_ros2/install/xplane_interfaces/share/xplane_interfaces/cmake/xplane_interfaces__rosidl_typesupport_cppExport.cmake
[2.194s] -- Installing: /home/uas/Documents/blue/git repos/xplane_ros2/install/xplane_interfaces/share/xplane_interfaces/cmake/xplane_interfaces__rosidl_typesupport_cppExport-noconfig.cmake
[2.194s] -- Installing: /home/uas/Documents/blue/git repos/xplane_ros2/install/xplane_interfaces/share/xplane_interfaces/cmake/export_xplane_interfaces__rosidl_generator_pyExport.cmake
[2.194s] -- Installing: /home/uas/Documents/blue/git repos/xplane_ros2/install/xplane_interfaces/share/xplane_interfaces/cmake/export_xplane_interfaces__rosidl_generator_pyExport-noconfig.cmake
[2.194s] -- Installing: /home/uas/Documents/blue/git repos/xplane_ros2/install/xplane_interfaces/share/xplane_interfaces/cmake/rosidl_cmake-extras.cmake
[2.194s] -- Installing: /home/uas/Documents/blue/git repos/xplane_ros2/install/xplane_interfaces/share/xplane_interfaces/cmake/ament_cmake_export_dependencies-extras.cmake
[2.194s] -- Installing: /home/uas/Documents/blue/git repos/xplane_ros2/install/xplane_interfaces/share/xplane_interfaces/cmake/ament_cmake_export_include_directories-extras.cmake
[2.194s] -- Installing: /home/uas/Documents/blue/git repos/xplane_ros2/install/xplane_interfaces/share/xplane_interfaces/cmake/ament_cmake_export_libraries-extras.cmake
[2.194s] -- Installing: /home/uas/Documents/blue/git repos/xplane_ros2/install/xplane_interfaces/share/xplane_interfaces/cmake/ament_cmake_export_targets-extras.cmake
[2.194s] -- Installing: /home/uas/Documents/blue/git repos/xplane_ros2/install/xplane_interfaces/share/xplane_interfaces/cmake/rosidl_cmake_export_typesupport_targets-extras.cmake
[2.194s] -- Installing: /home/uas/Documents/blue/git repos/xplane_ros2/install/xplane_interfaces/share/xplane_interfaces/cmake/rosidl_cmake_export_typesupport_libraries-extras.cmake
[2.194s] -- Installing: /home/uas/Documents/blue/git repos/xplane_ros2/install/xplane_interfaces/share/xplane_interfaces/cmake/xplane_interfacesConfig.cmake
[2.194s] -- Up-to-date: /home/uas/Documents/blue/git repos/xplane_ros2/install/xplane_interfaces/share/xplane_interfaces/cmake/xplane_interfacesConfig-version.cmake
[2.194s] -- Installing: /home/uas/Documents/blue/git repos/xplane_ros2/install/xplane_interfaces/share/xplane_interfaces/package.xml
[2.195s] Invoked command in '/home/uas/Documents/blue/git repos/xplane_ros2/build/xplane_interfaces' returned '0': CMAKE_PREFIX_PATH=/opt/ros/humble CONDA_PROMPT_MODIFIER=(fuas) /usr/bin/cmake --install /home/uas/Documents/blue/git repos/xplane_ros2/build/xplane_interfaces
