[0.006s] Invoking command in '/home/uas/Documents/blue/git repos/xplane_ros2/build/xplane_interfaces': CMAKE_PREFIX_PATH=/opt/ros/humble CONDA_PROMPT_MODIFIER=(fuas) /usr/bin/cmake --build /home/uas/Documents/blue/git repos/xplane_ros2/build/xplane_interfaces -- -j24 -l24
[0.022s] [  2%] Built target xplane_interfaces__cpp
[0.023s] [ 12%] Built target xplane_interfaces__rosidl_generator_c
[0.024s] [ 12%] Built target ament_cmake_python_copy_xplane_interfaces
[0.030s] [ 23%] Built target xplane_interfaces__rosidl_typesupport_cpp
[0.030s] [ 33%] Built target xplane_interfaces__rosidl_typesupport_c
[0.030s] [ 43%] Built target xplane_interfaces__rosidl_typesupport_introspection_c
[0.030s] [ 53%] Built target xplane_interfaces__rosidl_typesupport_fastrtps_cpp
[0.030s] [ 64%] Built target xplane_interfaces__rosidl_typesupport_introspection_cpp
[0.031s] [ 74%] Built target xplane_interfaces__rosidl_typesupport_fastrtps_c
[0.036s] [ 74%] Built target xplane_interfaces
[0.042s] [ 76%] Built target xplane_interfaces__py
[0.050s] [ 84%] Built target xplane_interfaces__rosidl_generator_py
[0.058s] [ 89%] Built target xplane_interfaces__rosidl_typesupport_fastrtps_c__pyext
[0.058s] [ 94%] Built target xplane_interfaces__rosidl_typesupport_introspection_c__pyext
[0.058s] [100%] Built target xplane_interfaces__rosidl_typesupport_c__pyext
[0.120s] running egg_info
[0.127s] writing xplane_interfaces.egg-info/PKG-INFO
[0.127s] writing dependency_links to xplane_interfaces.egg-info/dependency_links.txt
[0.127s] writing top-level names to xplane_interfaces.egg-info/top_level.txt
[0.149s] reading manifest file 'xplane_interfaces.egg-info/SOURCES.txt'
[0.150s] writing manifest file 'xplane_interfaces.egg-info/SOURCES.txt'
[0.162s] [100%] Built target ament_cmake_python_build_xplane_interfaces_egg
[0.166s] Invoked command in '/home/uas/Documents/blue/git repos/xplane_ros2/build/xplane_interfaces' returned '0': CMAKE_PREFIX_PATH=/opt/ros/humble CONDA_PROMPT_MODIFIER=(fuas) /usr/bin/cmake --build /home/uas/Documents/blue/git repos/xplane_ros2/build/xplane_interfaces -- -j24 -l24
[0.203s] Invoking command in '/home/uas/Documents/blue/git repos/xplane_ros2/build/xplane_interfaces': CMAKE_PREFIX_PATH=/opt/ros/humble CONDA_PROMPT_MODIFIER=(fuas) /usr/bin/cmake --install /home/uas/Documents/blue/git repos/xplane_ros2/build/xplane_interfaces
[0.204s] -- Install configuration: ""
[0.204s] -- Up-to-date: /home/uas/Documents/blue/git repos/xplane_ros2/install/xplane_interfaces/share/ament_index/resource_index/rosidl_interfaces/xplane_interfaces
[0.204s] -- Up-to-date: /home/uas/Documents/blue/git repos/xplane_ros2/install/xplane_interfaces/include/xplane_interfaces/xplane_interfaces
[0.204s] -- Up-to-date: /home/uas/Documents/blue/git repos/xplane_ros2/install/xplane_interfaces/include/xplane_interfaces/xplane_interfaces/msg
[0.204s] -- Up-to-date: /home/uas/Documents/blue/git repos/xplane_ros2/install/xplane_interfaces/include/xplane_interfaces/xplane_interfaces/msg/uav_state.h
[0.204s] -- Up-to-date: /home/uas/Documents/blue/git repos/xplane_ros2/install/xplane_interfaces/include/xplane_interfaces/xplane_interfaces/msg/uav_control.h
[0.204s] -- Up-to-date: /home/uas/Documents/blue/git repos/xplane_ros2/install/xplane_interfaces/include/xplane_interfaces/xplane_interfaces/msg/detail
[0.204s] -- Up-to-date: /home/uas/Documents/blue/git repos/xplane_ros2/install/xplane_interfaces/include/xplane_interfaces/xplane_interfaces/msg/detail/uav_control__functions.c
[0.204s] -- Up-to-date: /home/uas/Documents/blue/git repos/xplane_ros2/install/xplane_interfaces/include/xplane_interfaces/xplane_interfaces/msg/detail/uav_state__functions.c
[0.204s] -- Up-to-date: /home/uas/Documents/blue/git repos/xplane_ros2/install/xplane_interfaces/include/xplane_interfaces/xplane_interfaces/msg/detail/uav_state__type_support.h
[0.204s] -- Up-to-date: /home/uas/Documents/blue/git repos/xplane_ros2/install/xplane_interfaces/include/xplane_interfaces/xplane_interfaces/msg/detail/uav_state__struct.h
[0.204s] -- Up-to-date: /home/uas/Documents/blue/git repos/xplane_ros2/install/xplane_interfaces/include/xplane_interfaces/xplane_interfaces/msg/detail/uav_control__struct.h
[0.205s] -- Up-to-date: /home/uas/Documents/blue/git repos/xplane_ros2/install/xplane_interfaces/include/xplane_interfaces/xplane_interfaces/msg/detail/uav_state__functions.h
[0.205s] -- Up-to-date: /home/uas/Documents/blue/git repos/xplane_ros2/install/xplane_interfaces/include/xplane_interfaces/xplane_interfaces/msg/detail/uav_control__type_support.h
[0.205s] -- Up-to-date: /home/uas/Documents/blue/git repos/xplane_ros2/install/xplane_interfaces/include/xplane_interfaces/xplane_interfaces/msg/detail/uav_control__functions.h
[0.205s] -- Up-to-date: /home/uas/Documents/blue/git repos/xplane_ros2/install/xplane_interfaces/include/xplane_interfaces/xplane_interfaces/msg/rosidl_generator_c__visibility_control.h
[0.205s] -- Up-to-date: /home/uas/Documents/blue/git repos/xplane_ros2/install/xplane_interfaces/share/xplane_interfaces/environment/library_path.sh
[0.205s] -- Up-to-date: /home/uas/Documents/blue/git repos/xplane_ros2/install/xplane_interfaces/share/xplane_interfaces/environment/library_path.dsv
[0.205s] -- Up-to-date: /home/uas/Documents/blue/git repos/xplane_ros2/install/xplane_interfaces/lib/libxplane_interfaces__rosidl_generator_c.so
[0.205s] -- Up-to-date: /home/uas/Documents/blue/git repos/xplane_ros2/install/xplane_interfaces/include/xplane_interfaces/xplane_interfaces
[0.205s] -- Up-to-date: /home/uas/Documents/blue/git repos/xplane_ros2/install/xplane_interfaces/include/xplane_interfaces/xplane_interfaces/msg
[0.205s] -- Up-to-date: /home/uas/Documents/blue/git repos/xplane_ros2/install/xplane_interfaces/include/xplane_interfaces/xplane_interfaces/msg/detail
[0.205s] -- Up-to-date: /home/uas/Documents/blue/git repos/xplane_ros2/install/xplane_interfaces/include/xplane_interfaces/xplane_interfaces/msg/detail/uav_control__rosidl_typesupport_fastrtps_c.h
[0.205s] -- Up-to-date: /home/uas/Documents/blue/git repos/xplane_ros2/install/xplane_interfaces/include/xplane_interfaces/xplane_interfaces/msg/detail/uav_state__rosidl_typesupport_fastrtps_c.h
[0.205s] -- Up-to-date: /home/uas/Documents/blue/git repos/xplane_ros2/install/xplane_interfaces/include/xplane_interfaces/xplane_interfaces/msg/rosidl_typesupport_fastrtps_c__visibility_control.h
[0.205s] -- Up-to-date: /home/uas/Documents/blue/git repos/xplane_ros2/install/xplane_interfaces/lib/libxplane_interfaces__rosidl_typesupport_fastrtps_c.so
[0.205s] -- Up-to-date: /home/uas/Documents/blue/git repos/xplane_ros2/install/xplane_interfaces/include/xplane_interfaces/xplane_interfaces
[0.205s] -- Up-to-date: /home/uas/Documents/blue/git repos/xplane_ros2/install/xplane_interfaces/include/xplane_interfaces/xplane_interfaces/msg
[0.205s] -- Up-to-date: /home/uas/Documents/blue/git repos/xplane_ros2/install/xplane_interfaces/include/xplane_interfaces/xplane_interfaces/msg/uav_state.hpp
[0.205s] -- Up-to-date: /home/uas/Documents/blue/git repos/xplane_ros2/install/xplane_interfaces/include/xplane_interfaces/xplane_interfaces/msg/detail
[0.205s] -- Up-to-date: /home/uas/Documents/blue/git repos/xplane_ros2/install/xplane_interfaces/include/xplane_interfaces/xplane_interfaces/msg/detail/uav_control__builder.hpp
[0.205s] -- Up-to-date: /home/uas/Documents/blue/git repos/xplane_ros2/install/xplane_interfaces/include/xplane_interfaces/xplane_interfaces/msg/detail/uav_state__traits.hpp
[0.205s] -- Up-to-date: /home/uas/Documents/blue/git repos/xplane_ros2/install/xplane_interfaces/include/xplane_interfaces/xplane_interfaces/msg/detail/uav_state__struct.hpp
[0.205s] -- Up-to-date: /home/uas/Documents/blue/git repos/xplane_ros2/install/xplane_interfaces/include/xplane_interfaces/xplane_interfaces/msg/detail/uav_control__struct.hpp
[0.205s] -- Up-to-date: /home/uas/Documents/blue/git repos/xplane_ros2/install/xplane_interfaces/include/xplane_interfaces/xplane_interfaces/msg/detail/uav_control__traits.hpp
[0.205s] -- Up-to-date: /home/uas/Documents/blue/git repos/xplane_ros2/install/xplane_interfaces/include/xplane_interfaces/xplane_interfaces/msg/detail/uav_state__builder.hpp
[0.205s] -- Up-to-date: /home/uas/Documents/blue/git repos/xplane_ros2/install/xplane_interfaces/include/xplane_interfaces/xplane_interfaces/msg/uav_control.hpp
[0.205s] -- Up-to-date: /home/uas/Documents/blue/git repos/xplane_ros2/install/xplane_interfaces/include/xplane_interfaces/xplane_interfaces
[0.205s] -- Up-to-date: /home/uas/Documents/blue/git repos/xplane_ros2/install/xplane_interfaces/include/xplane_interfaces/xplane_interfaces/msg
[0.205s] -- Up-to-date: /home/uas/Documents/blue/git repos/xplane_ros2/install/xplane_interfaces/include/xplane_interfaces/xplane_interfaces/msg/rosidl_typesupport_fastrtps_cpp__visibility_control.h
[0.205s] -- Up-to-date: /home/uas/Documents/blue/git repos/xplane_ros2/install/xplane_interfaces/include/xplane_interfaces/xplane_interfaces/msg/detail
[0.205s] -- Up-to-date: /home/uas/Documents/blue/git repos/xplane_ros2/install/xplane_interfaces/include/xplane_interfaces/xplane_interfaces/msg/detail/uav_control__rosidl_typesupport_fastrtps_cpp.hpp
[0.205s] -- Up-to-date: /home/uas/Documents/blue/git repos/xplane_ros2/install/xplane_interfaces/include/xplane_interfaces/xplane_interfaces/msg/detail/dds_fastrtps
[0.205s] -- Up-to-date: /home/uas/Documents/blue/git repos/xplane_ros2/install/xplane_interfaces/include/xplane_interfaces/xplane_interfaces/msg/detail/uav_state__rosidl_typesupport_fastrtps_cpp.hpp
[0.205s] -- Up-to-date: /home/uas/Documents/blue/git repos/xplane_ros2/install/xplane_interfaces/lib/libxplane_interfaces__rosidl_typesupport_fastrtps_cpp.so
[0.205s] -- Up-to-date: /home/uas/Documents/blue/git repos/xplane_ros2/install/xplane_interfaces/include/xplane_interfaces/xplane_interfaces
[0.206s] -- Up-to-date: /home/uas/Documents/blue/git repos/xplane_ros2/install/xplane_interfaces/include/xplane_interfaces/xplane_interfaces/msg
[0.206s] -- Up-to-date: /home/uas/Documents/blue/git repos/xplane_ros2/install/xplane_interfaces/include/xplane_interfaces/xplane_interfaces/msg/rosidl_typesupport_introspection_c__visibility_control.h
[0.206s] -- Up-to-date: /home/uas/Documents/blue/git repos/xplane_ros2/install/xplane_interfaces/include/xplane_interfaces/xplane_interfaces/msg/detail
[0.206s] -- Up-to-date: /home/uas/Documents/blue/git repos/xplane_ros2/install/xplane_interfaces/include/xplane_interfaces/xplane_interfaces/msg/detail/uav_control__rosidl_typesupport_introspection_c.h
[0.206s] -- Up-to-date: /home/uas/Documents/blue/git repos/xplane_ros2/install/xplane_interfaces/include/xplane_interfaces/xplane_interfaces/msg/detail/uav_control__type_support.c
[0.206s] -- Up-to-date: /home/uas/Documents/blue/git repos/xplane_ros2/install/xplane_interfaces/include/xplane_interfaces/xplane_interfaces/msg/detail/uav_state__rosidl_typesupport_introspection_c.h
[0.206s] -- Up-to-date: /home/uas/Documents/blue/git repos/xplane_ros2/install/xplane_interfaces/include/xplane_interfaces/xplane_interfaces/msg/detail/uav_state__type_support.c
[0.206s] -- Up-to-date: /home/uas/Documents/blue/git repos/xplane_ros2/install/xplane_interfaces/lib/libxplane_interfaces__rosidl_typesupport_introspection_c.so
[0.206s] -- Up-to-date: /home/uas/Documents/blue/git repos/xplane_ros2/install/xplane_interfaces/lib/libxplane_interfaces__rosidl_typesupport_c.so
[0.206s] -- Up-to-date: /home/uas/Documents/blue/git repos/xplane_ros2/install/xplane_interfaces/include/xplane_interfaces/xplane_interfaces
[0.206s] -- Up-to-date: /home/uas/Documents/blue/git repos/xplane_ros2/install/xplane_interfaces/include/xplane_interfaces/xplane_interfaces/msg
[0.206s] -- Up-to-date: /home/uas/Documents/blue/git repos/xplane_ros2/install/xplane_interfaces/include/xplane_interfaces/xplane_interfaces/msg/detail
[0.206s] -- Up-to-date: /home/uas/Documents/blue/git repos/xplane_ros2/install/xplane_interfaces/include/xplane_interfaces/xplane_interfaces/msg/detail/uav_control__rosidl_typesupport_introspection_cpp.hpp
[0.206s] -- Up-to-date: /home/uas/Documents/blue/git repos/xplane_ros2/install/xplane_interfaces/include/xplane_interfaces/xplane_interfaces/msg/detail/uav_state__rosidl_typesupport_introspection_cpp.hpp
[0.206s] -- Up-to-date: /home/uas/Documents/blue/git repos/xplane_ros2/install/xplane_interfaces/include/xplane_interfaces/xplane_interfaces/msg/detail/uav_control__type_support.cpp
[0.206s] -- Up-to-date: /home/uas/Documents/blue/git repos/xplane_ros2/install/xplane_interfaces/include/xplane_interfaces/xplane_interfaces/msg/detail/uav_state__type_support.cpp
[0.206s] -- Up-to-date: /home/uas/Documents/blue/git repos/xplane_ros2/install/xplane_interfaces/lib/libxplane_interfaces__rosidl_typesupport_introspection_cpp.so
[0.206s] -- Up-to-date: /home/uas/Documents/blue/git repos/xplane_ros2/install/xplane_interfaces/lib/libxplane_interfaces__rosidl_typesupport_cpp.so
[0.206s] -- Up-to-date: /home/uas/Documents/blue/git repos/xplane_ros2/install/xplane_interfaces/share/xplane_interfaces/environment/pythonpath.sh
[0.206s] -- Up-to-date: /home/uas/Documents/blue/git repos/xplane_ros2/install/xplane_interfaces/share/xplane_interfaces/environment/pythonpath.dsv
[0.206s] -- Up-to-date: /home/uas/Documents/blue/git repos/xplane_ros2/install/xplane_interfaces/lib/python3.11/site-packages/xplane_interfaces-0.0.0-py3.11.egg-info
[0.206s] -- Installing: /home/uas/Documents/blue/git repos/xplane_ros2/install/xplane_interfaces/lib/python3.11/site-packages/xplane_interfaces-0.0.0-py3.11.egg-info/SOURCES.txt
[0.206s] -- Installing: /home/uas/Documents/blue/git repos/xplane_ros2/install/xplane_interfaces/lib/python3.11/site-packages/xplane_interfaces-0.0.0-py3.11.egg-info/PKG-INFO
[0.206s] -- Installing: /home/uas/Documents/blue/git repos/xplane_ros2/install/xplane_interfaces/lib/python3.11/site-packages/xplane_interfaces-0.0.0-py3.11.egg-info/top_level.txt
[0.206s] -- Installing: /home/uas/Documents/blue/git repos/xplane_ros2/install/xplane_interfaces/lib/python3.11/site-packages/xplane_interfaces-0.0.0-py3.11.egg-info/dependency_links.txt
[0.206s] -- Up-to-date: /home/uas/Documents/blue/git repos/xplane_ros2/install/xplane_interfaces/lib/python3.11/site-packages/xplane_interfaces
[0.206s] -- Up-to-date: /home/uas/Documents/blue/git repos/xplane_ros2/install/xplane_interfaces/lib/python3.11/site-packages/xplane_interfaces/libxplane_interfaces__rosidl_generator_py.so
[0.206s] -- Up-to-date: /home/uas/Documents/blue/git repos/xplane_ros2/install/xplane_interfaces/lib/python3.11/site-packages/xplane_interfaces/xplane_interfaces_s__rosidl_typesupport_introspection_c.cpython-311-x86_64-linux-gnu.so
[0.206s] -- Up-to-date: /home/uas/Documents/blue/git repos/xplane_ros2/install/xplane_interfaces/lib/python3.11/site-packages/xplane_interfaces/_xplane_interfaces_s.ep.rosidl_typesupport_fastrtps_c.c
[0.206s] -- Up-to-date: /home/uas/Documents/blue/git repos/xplane_ros2/install/xplane_interfaces/lib/python3.11/site-packages/xplane_interfaces/_xplane_interfaces_s.ep.rosidl_typesupport_c.c
[0.206s] -- Up-to-date: /home/uas/Documents/blue/git repos/xplane_ros2/install/xplane_interfaces/lib/python3.11/site-packages/xplane_interfaces/xplane_interfaces_s__rosidl_typesupport_c.cpython-311-x86_64-linux-gnu.so
[0.206s] -- Up-to-date: /home/uas/Documents/blue/git repos/xplane_ros2/install/xplane_interfaces/lib/python3.11/site-packages/xplane_interfaces/msg
[0.206s] -- Up-to-date: /home/uas/Documents/blue/git repos/xplane_ros2/install/xplane_interfaces/lib/python3.11/site-packages/xplane_interfaces/msg/_uav_control_s.c
[0.206s] -- Up-to-date: /home/uas/Documents/blue/git repos/xplane_ros2/install/xplane_interfaces/lib/python3.11/site-packages/xplane_interfaces/msg/_uav_state.py
[0.206s] -- Up-to-date: /home/uas/Documents/blue/git repos/xplane_ros2/install/xplane_interfaces/lib/python3.11/site-packages/xplane_interfaces/msg/_uav_state_s.c
[0.206s] -- Up-to-date: /home/uas/Documents/blue/git repos/xplane_ros2/install/xplane_interfaces/lib/python3.11/site-packages/xplane_interfaces/msg/__init__.py
[0.206s] -- Up-to-date: /home/uas/Documents/blue/git repos/xplane_ros2/install/xplane_interfaces/lib/python3.11/site-packages/xplane_interfaces/msg/_uav_control.py
[0.206s] -- Up-to-date: /home/uas/Documents/blue/git repos/xplane_ros2/install/xplane_interfaces/lib/python3.11/site-packages/xplane_interfaces/_xplane_interfaces_s.ep.rosidl_typesupport_introspection_c.c
[0.207s] -- Up-to-date: /home/uas/Documents/blue/git repos/xplane_ros2/install/xplane_interfaces/lib/python3.11/site-packages/xplane_interfaces/__init__.py
[0.207s] -- Up-to-date: /home/uas/Documents/blue/git repos/xplane_ros2/install/xplane_interfaces/lib/python3.11/site-packages/xplane_interfaces/xplane_interfaces_s__rosidl_typesupport_fastrtps_c.cpython-311-x86_64-linux-gnu.so
[0.223s] Listing '/home/uas/Documents/blue/git repos/xplane_ros2/install/xplane_interfaces/lib/python3.11/site-packages/xplane_interfaces'...
[0.223s] Listing '/home/uas/Documents/blue/git repos/xplane_ros2/install/xplane_interfaces/lib/python3.11/site-packages/xplane_interfaces/msg'...
[0.226s] -- Up-to-date: /home/uas/Documents/blue/git repos/xplane_ros2/install/xplane_interfaces/lib/python3.11/site-packages/xplane_interfaces/xplane_interfaces_s__rosidl_typesupport_fastrtps_c.cpython-311-x86_64-linux-gnu.so
[0.226s] -- Up-to-date: /home/uas/Documents/blue/git repos/xplane_ros2/install/xplane_interfaces/lib/python3.11/site-packages/xplane_interfaces/xplane_interfaces_s__rosidl_typesupport_introspection_c.cpython-311-x86_64-linux-gnu.so
[0.226s] -- Up-to-date: /home/uas/Documents/blue/git repos/xplane_ros2/install/xplane_interfaces/lib/python3.11/site-packages/xplane_interfaces/xplane_interfaces_s__rosidl_typesupport_c.cpython-311-x86_64-linux-gnu.so
[0.227s] -- Up-to-date: /home/uas/Documents/blue/git repos/xplane_ros2/install/xplane_interfaces/lib/libxplane_interfaces__rosidl_generator_py.so
[0.227s] -- Up-to-date: /home/uas/Documents/blue/git repos/xplane_ros2/install/xplane_interfaces/share/xplane_interfaces/msg/UAVState.idl
[0.227s] -- Up-to-date: /home/uas/Documents/blue/git repos/xplane_ros2/install/xplane_interfaces/share/xplane_interfaces/msg/UAVControl.idl
[0.227s] -- Up-to-date: /home/uas/Documents/blue/git repos/xplane_ros2/install/xplane_interfaces/share/xplane_interfaces/msg/UAVState.msg
[0.227s] -- Up-to-date: /home/uas/Documents/blue/git repos/xplane_ros2/install/xplane_interfaces/share/xplane_interfaces/msg/UAVControl.msg
[0.227s] -- Up-to-date: /home/uas/Documents/blue/git repos/xplane_ros2/install/xplane_interfaces/share/ament_index/resource_index/package_run_dependencies/xplane_interfaces
[0.227s] -- Up-to-date: /home/uas/Documents/blue/git repos/xplane_ros2/install/xplane_interfaces/share/ament_index/resource_index/parent_prefix_path/xplane_interfaces
[0.227s] -- Up-to-date: /home/uas/Documents/blue/git repos/xplane_ros2/install/xplane_interfaces/share/xplane_interfaces/environment/ament_prefix_path.sh
[0.227s] -- Up-to-date: /home/uas/Documents/blue/git repos/xplane_ros2/install/xplane_interfaces/share/xplane_interfaces/environment/ament_prefix_path.dsv
[0.227s] -- Up-to-date: /home/uas/Documents/blue/git repos/xplane_ros2/install/xplane_interfaces/share/xplane_interfaces/environment/path.sh
[0.227s] -- Up-to-date: /home/uas/Documents/blue/git repos/xplane_ros2/install/xplane_interfaces/share/xplane_interfaces/environment/path.dsv
[0.227s] -- Up-to-date: /home/uas/Documents/blue/git repos/xplane_ros2/install/xplane_interfaces/share/xplane_interfaces/local_setup.bash
[0.227s] -- Up-to-date: /home/uas/Documents/blue/git repos/xplane_ros2/install/xplane_interfaces/share/xplane_interfaces/local_setup.sh
[0.227s] -- Up-to-date: /home/uas/Documents/blue/git repos/xplane_ros2/install/xplane_interfaces/share/xplane_interfaces/local_setup.zsh
[0.227s] -- Up-to-date: /home/uas/Documents/blue/git repos/xplane_ros2/install/xplane_interfaces/share/xplane_interfaces/local_setup.dsv
[0.227s] -- Up-to-date: /home/uas/Documents/blue/git repos/xplane_ros2/install/xplane_interfaces/share/xplane_interfaces/package.dsv
[0.227s] -- Up-to-date: /home/uas/Documents/blue/git repos/xplane_ros2/install/xplane_interfaces/share/ament_index/resource_index/packages/xplane_interfaces
[0.227s] -- Up-to-date: /home/uas/Documents/blue/git repos/xplane_ros2/install/xplane_interfaces/share/xplane_interfaces/cmake/export_xplane_interfaces__rosidl_generator_cExport.cmake
[0.227s] -- Up-to-date: /home/uas/Documents/blue/git repos/xplane_ros2/install/xplane_interfaces/share/xplane_interfaces/cmake/export_xplane_interfaces__rosidl_generator_cExport-noconfig.cmake
[0.227s] -- Up-to-date: /home/uas/Documents/blue/git repos/xplane_ros2/install/xplane_interfaces/share/xplane_interfaces/cmake/export_xplane_interfaces__rosidl_typesupport_fastrtps_cExport.cmake
[0.227s] -- Up-to-date: /home/uas/Documents/blue/git repos/xplane_ros2/install/xplane_interfaces/share/xplane_interfaces/cmake/export_xplane_interfaces__rosidl_typesupport_fastrtps_cExport-noconfig.cmake
[0.227s] -- Up-to-date: /home/uas/Documents/blue/git repos/xplane_ros2/install/xplane_interfaces/share/xplane_interfaces/cmake/export_xplane_interfaces__rosidl_generator_cppExport.cmake
[0.227s] -- Up-to-date: /home/uas/Documents/blue/git repos/xplane_ros2/install/xplane_interfaces/share/xplane_interfaces/cmake/export_xplane_interfaces__rosidl_typesupport_fastrtps_cppExport.cmake
[0.227s] -- Up-to-date: /home/uas/Documents/blue/git repos/xplane_ros2/install/xplane_interfaces/share/xplane_interfaces/cmake/export_xplane_interfaces__rosidl_typesupport_fastrtps_cppExport-noconfig.cmake
[0.227s] -- Up-to-date: /home/uas/Documents/blue/git repos/xplane_ros2/install/xplane_interfaces/share/xplane_interfaces/cmake/xplane_interfaces__rosidl_typesupport_introspection_cExport.cmake
[0.227s] -- Up-to-date: /home/uas/Documents/blue/git repos/xplane_ros2/install/xplane_interfaces/share/xplane_interfaces/cmake/xplane_interfaces__rosidl_typesupport_introspection_cExport-noconfig.cmake
[0.227s] -- Up-to-date: /home/uas/Documents/blue/git repos/xplane_ros2/install/xplane_interfaces/share/xplane_interfaces/cmake/xplane_interfaces__rosidl_typesupport_cExport.cmake
[0.227s] -- Up-to-date: /home/uas/Documents/blue/git repos/xplane_ros2/install/xplane_interfaces/share/xplane_interfaces/cmake/xplane_interfaces__rosidl_typesupport_cExport-noconfig.cmake
[0.227s] -- Up-to-date: /home/uas/Documents/blue/git repos/xplane_ros2/install/xplane_interfaces/share/xplane_interfaces/cmake/xplane_interfaces__rosidl_typesupport_introspection_cppExport.cmake
[0.227s] -- Up-to-date: /home/uas/Documents/blue/git repos/xplane_ros2/install/xplane_interfaces/share/xplane_interfaces/cmake/xplane_interfaces__rosidl_typesupport_introspection_cppExport-noconfig.cmake
[0.227s] -- Up-to-date: /home/uas/Documents/blue/git repos/xplane_ros2/install/xplane_interfaces/share/xplane_interfaces/cmake/xplane_interfaces__rosidl_typesupport_cppExport.cmake
[0.227s] -- Up-to-date: /home/uas/Documents/blue/git repos/xplane_ros2/install/xplane_interfaces/share/xplane_interfaces/cmake/xplane_interfaces__rosidl_typesupport_cppExport-noconfig.cmake
[0.227s] -- Up-to-date: /home/uas/Documents/blue/git repos/xplane_ros2/install/xplane_interfaces/share/xplane_interfaces/cmake/export_xplane_interfaces__rosidl_generator_pyExport.cmake
[0.227s] -- Up-to-date: /home/uas/Documents/blue/git repos/xplane_ros2/install/xplane_interfaces/share/xplane_interfaces/cmake/export_xplane_interfaces__rosidl_generator_pyExport-noconfig.cmake
[0.227s] -- Up-to-date: /home/uas/Documents/blue/git repos/xplane_ros2/install/xplane_interfaces/share/xplane_interfaces/cmake/rosidl_cmake-extras.cmake
[0.227s] -- Up-to-date: /home/uas/Documents/blue/git repos/xplane_ros2/install/xplane_interfaces/share/xplane_interfaces/cmake/ament_cmake_export_dependencies-extras.cmake
[0.228s] -- Up-to-date: /home/uas/Documents/blue/git repos/xplane_ros2/install/xplane_interfaces/share/xplane_interfaces/cmake/ament_cmake_export_include_directories-extras.cmake
[0.228s] -- Up-to-date: /home/uas/Documents/blue/git repos/xplane_ros2/install/xplane_interfaces/share/xplane_interfaces/cmake/ament_cmake_export_libraries-extras.cmake
[0.228s] -- Up-to-date: /home/uas/Documents/blue/git repos/xplane_ros2/install/xplane_interfaces/share/xplane_interfaces/cmake/ament_cmake_export_targets-extras.cmake
[0.228s] -- Up-to-date: /home/uas/Documents/blue/git repos/xplane_ros2/install/xplane_interfaces/share/xplane_interfaces/cmake/rosidl_cmake_export_typesupport_targets-extras.cmake
[0.228s] -- Up-to-date: /home/uas/Documents/blue/git repos/xplane_ros2/install/xplane_interfaces/share/xplane_interfaces/cmake/rosidl_cmake_export_typesupport_libraries-extras.cmake
[0.228s] -- Up-to-date: /home/uas/Documents/blue/git repos/xplane_ros2/install/xplane_interfaces/share/xplane_interfaces/cmake/xplane_interfacesConfig.cmake
[0.228s] -- Up-to-date: /home/uas/Documents/blue/git repos/xplane_ros2/install/xplane_interfaces/share/xplane_interfaces/cmake/xplane_interfacesConfig-version.cmake
[0.228s] -- Up-to-date: /home/uas/Documents/blue/git repos/xplane_ros2/install/xplane_interfaces/share/xplane_interfaces/package.xml
[0.228s] Invoked command in '/home/uas/Documents/blue/git repos/xplane_ros2/build/xplane_interfaces' returned '0': CMAKE_PREFIX_PATH=/opt/ros/humble CONDA_PROMPT_MODIFIER=(fuas) /usr/bin/cmake --install /home/uas/Documents/blue/git repos/xplane_ros2/build/xplane_interfaces
