[0.007s] Invoking command in '/home/uas/Documents/blue/git repos/xplane_ros2/build/xplane_interfaces': CMAKE_PREFIX_PATH=/opt/ros/humble CONDA_PROMPT_MODIFIER=(fuas) /usr/bin/cmake /home/uas/Documents/blue/git repos/xplane_ros2/src/xplane_interfaces -DCMAKE_INSTALL_PREFIX=/home/uas/Documents/blue/git repos/xplane_ros2/install/xplane_interfaces
[0.014s] -- Found ament_cmake: 1.3.8 (/opt/ros/humble/share/ament_cmake/cmake)
[0.150s] -- Found rclcpp: 16.0.8 (/opt/ros/humble/share/rclcpp/cmake)
[0.170s] -- Found rosidl_generator_c: 3.1.5 (/opt/ros/humble/share/rosidl_generator_c/cmake)
[0.171s] -- Found rosidl_adapter: 3.1.5 (/opt/ros/humble/share/rosidl_adapter/cmake)
[0.176s] -- Found rosidl_generator_cpp: 3.1.5 (/opt/ros/humble/share/rosidl_generator_cpp/cmake)
[0.183s] -- Using all available rosidl_typesupport_c: rosidl_typesupport_fastrtps_c;rosidl_typesupport_introspection_c
[0.194s] -- Using all available rosidl_typesupport_cpp: rosidl_typesupport_fastrtps_cpp;rosidl_typesupport_introspection_cpp
[0.235s] -- Found rmw_implementation_cmake: 6.1.1 (/opt/ros/humble/share/rmw_implementation_cmake/cmake)
[0.236s] -- Found rmw_fastrtps_cpp: 6.2.6 (/opt/ros/humble/share/rmw_fastrtps_cpp/cmake)
[0.315s] -- Using RMW implementation 'rmw_fastrtps_cpp' as default
[0.427s] -- Found ament_lint_auto: 0.12.10 (/opt/ros/humble/share/ament_lint_auto/cmake)
[0.443s] Traceback (most recent call last):
[0.444s]   File "/opt/ros/humble/share/ament_cmake_core/cmake/core/package_xml_2_cmake.py", line 22, in <module>
[0.444s]     from catkin_pkg.package import parse_package_string
[0.444s] ModuleNotFoundError: No module named 'catkin_pkg'
[0.446s] [31mCMake Error at /opt/ros/humble/share/ament_cmake_core/cmake/core/ament_package_xml.cmake:95 (message):
[0.446s]   execute_process(/home/uas/anaconda3/bin/python3
[0.446s]   /opt/ros/humble/share/ament_cmake_core/cmake/core/package_xml_2_cmake.py
[0.446s]   /home/uas/Documents/blue/git
[0.446s]   repos/xplane_ros2/src/xplane_interfaces/package.xml
[0.446s]   /home/uas/Documents/blue/git
[0.446s]   repos/xplane_ros2/build/xplane_interfaces/ament_cmake_core/package.cmake)
[0.447s]   returned error code 1
[0.447s] Call Stack (most recent call first):
[0.447s]   /opt/ros/humble/share/ament_cmake_core/cmake/core/ament_package_xml.cmake:49 (_ament_package_xml)
[0.447s]   /opt/ros/humble/share/ament_lint_auto/cmake/ament_lint_auto_find_test_dependencies.cmake:31 (ament_package_xml)
[0.447s]   CMakeLists.txt:22 (ament_lint_auto_find_test_dependencies)
[0.447s] 
[0.447s] [0m
[0.447s] -- Configuring incomplete, errors occurred!
[0.451s] Invoked command in '/home/uas/Documents/blue/git repos/xplane_ros2/build/xplane_interfaces' returned '1': CMAKE_PREFIX_PATH=/opt/ros/humble CONDA_PROMPT_MODIFIER=(fuas) /usr/bin/cmake /home/uas/Documents/blue/git repos/xplane_ros2/src/xplane_interfaces -DCMAKE_INSTALL_PREFIX=/home/uas/Documents/blue/git repos/xplane_ros2/install/xplane_interfaces
