[  2%] [34m[1mGenerating C code for ROS interfaces[0m
[  5%] [34m[1mGenerating C++ code for ROS interfaces[0m
[  5%] Built target ament_cmake_python_copy_xplane_interfaces
running egg_info
writing xplane_interfaces.egg-info/PKG-INFO
writing dependency_links to xplane_interfaces.egg-info/dependency_links.txt
writing top-level names to xplane_interfaces.egg-info/top_level.txt
[  5%] Built target xplane_interfaces__cpp
reading manifest file 'xplane_interfaces.egg-info/SOURCES.txt'
[ 10%] [34m[1mGenerating C++ type support dispatch for ROS interfaces[0m
[ 10%] [34m[1mGenerating C++ type support for eProsima Fast-RTPS[0m
[ 12%] [34m[1mGenerating C++ introspection for ROS interfaces[0m
writing manifest file 'xplane_interfaces.egg-info/SOURCES.txt'
[ 15%] [32mBuilding C object CMakeFiles/xplane_interfaces__rosidl_generator_c.dir/rosidl_generator_c/xplane_interfaces/msg/detail/uav_state__functions.c.o[0m
[ 17%] [32mBuilding C object CMakeFiles/xplane_interfaces__rosidl_generator_c.dir/rosidl_generator_c/xplane_interfaces/msg/detail/uav_control__functions.c.o[0m
[ 17%] Built target ament_cmake_python_build_xplane_interfaces_egg
In file included from [01m[K/home/uas/Documents/blue/git repos/xplane_ros2/build/xplane_interfaces/rosidl_generator_c/xplane_interfaces/msg/detail/uav_state__functions.h:19[m[K,
                 from [01m[K/home/uas/Documents/blue/git repos/xplane_ros2/build/xplane_interfaces/rosidl_generator_c/xplane_interfaces/msg/detail/uav_state__functions.c:4[m[K:
[01m[K/home/uas/Documents/blue/git repos/xplane_ros2/build/xplane_interfaces/rosidl_generator_c/xplane_interfaces/msg/detail/uav_state__struct.h:22:10:[m[K [01;31m[Kfatal error: [m[Kstd_msgs/msg/detail/header__struct.h: No such file or directory
   22 | #include [01;31m[K"std_msgs/msg/detail/header__struct.h"[m[K
      |          [01;31m[K^~~~~~~~~~~~~~~~~~~~~~~~~~~~~~~~~~~~~~[m[K
compilation terminated.
gmake[2]: *** [CMakeFiles/xplane_interfaces__rosidl_generator_c.dir/build.make:121: CMakeFiles/xplane_interfaces__rosidl_generator_c.dir/rosidl_generator_c/xplane_interfaces/msg/detail/uav_state__functions.c.o] Error 1
gmake[2]: *** Waiting for unfinished jobs....
gmake[1]: *** [CMakeFiles/Makefile2:213: CMakeFiles/xplane_interfaces__rosidl_generator_c.dir/all] Error 2
gmake[1]: *** Waiting for unfinished jobs....
[ 23%] [32mBuilding CXX object CMakeFiles/xplane_interfaces__rosidl_typesupport_cpp.dir/rosidl_typesupport_cpp/xplane_interfaces/msg/uav_control__type_support.cpp.o[0m
[ 23%] [32mBuilding CXX object CMakeFiles/xplane_interfaces__rosidl_typesupport_cpp.dir/rosidl_typesupport_cpp/xplane_interfaces/msg/uav_state__type_support.cpp.o[0m
[ 28%] [32mBuilding CXX object CMakeFiles/xplane_interfaces__rosidl_typesupport_introspection_cpp.dir/rosidl_typesupport_introspection_cpp/xplane_interfaces/msg/detail/uav_state__type_support.cpp.o[0m
[ 28%] [32mBuilding CXX object CMakeFiles/xplane_interfaces__rosidl_typesupport_introspection_cpp.dir/rosidl_typesupport_introspection_cpp/xplane_interfaces/msg/detail/uav_control__type_support.cpp.o[0m
[ 30%] [32mBuilding CXX object CMakeFiles/xplane_interfaces__rosidl_typesupport_fastrtps_cpp.dir/rosidl_typesupport_fastrtps_cpp/xplane_interfaces/msg/detail/dds_fastrtps/uav_state__type_support.cpp.o[0m
[ 33%] [32mBuilding CXX object CMakeFiles/xplane_interfaces__rosidl_typesupport_fastrtps_cpp.dir/rosidl_typesupport_fastrtps_cpp/xplane_interfaces/msg/detail/dds_fastrtps/uav_control__type_support.cpp.o[0m
In file included from [01m[K/home/uas/Documents/blue/git repos/xplane_ros2/build/xplane_interfaces/rosidl_typesupport_cpp/xplane_interfaces/msg/uav_state__type_support.cpp:7[m[K:
[01m[K/home/uas/Documents/blue/git repos/xplane_ros2/build/xplane_interfaces/rosidl_generator_cpp/xplane_interfaces/msg/detail/uav_state__struct.hpp:20:10:[m[K [01;31m[Kfatal error: [m[Kstd_msgs/msg/detail/header__struct.hpp: No such file or directory
   20 | #include [01;31m[K"std_msgs/msg/detail/header__struct.hpp"[m[K
      |          [01;31m[K^~~~~~~~~~~~~~~~~~~~~~~~~~~~~~~~~~~~~~~~[m[K
compilation terminated.
In file included from [01m[K/home/uas/Documents/blue/git repos/xplane_ros2/build/xplane_interfaces/rosidl_typesupport_fastrtps_cpp/xplane_interfaces/msg/detail/uav_state__rosidl_typesupport_fastrtps_cpp.hpp:11[m[K,
                 from [01m[K/home/uas/Documents/blue/git repos/xplane_ros2/build/xplane_interfaces/rosidl_typesupport_fastrtps_cpp/xplane_interfaces/msg/detail/dds_fastrtps/uav_state__type_support.cpp:4[m[K:
[01m[K/home/uas/Documents/blue/git repos/xplane_ros2/build/xplane_interfaces/rosidl_generator_cpp/xplane_interfaces/msg/detail/uav_state__struct.hpp:20:10:[m[K [01;31m[Kfatal error: [m[Kstd_msgs/msg/detail/header__struct.hpp: No such file or directory
   20 | #include [01;31m[K"std_msgs/msg/detail/header__struct.hpp"[m[K
      |          [01;31m[K^~~~~~~~~~~~~~~~~~~~~~~~~~~~~~~~~~~~~~~~[m[K
compilation terminated.
gmake[2]: *** [CMakeFiles/xplane_interfaces__rosidl_typesupport_cpp.dir/build.make:90: CMakeFiles/xplane_interfaces__rosidl_typesupport_cpp.dir/rosidl_typesupport_cpp/xplane_interfaces/msg/uav_state__type_support.cpp.o] Error 1
gmake[2]: *** Waiting for unfinished jobs....
gmake[2]: *** [CMakeFiles/xplane_interfaces__rosidl_typesupport_fastrtps_cpp.dir/build.make:98: CMakeFiles/xplane_interfaces__rosidl_typesupport_fastrtps_cpp.dir/rosidl_typesupport_fastrtps_cpp/xplane_interfaces/msg/detail/dds_fastrtps/uav_state__type_support.cpp.o] Error 1
gmake[2]: *** Waiting for unfinished jobs....
In file included from [01m[K/home/uas/Documents/blue/git repos/xplane_ros2/build/xplane_interfaces/rosidl_typesupport_introspection_cpp/xplane_interfaces/msg/detail/uav_state__type_support.cpp:12[m[K:
[01m[K/home/uas/Documents/blue/git repos/xplane_ros2/build/xplane_interfaces/rosidl_generator_cpp/xplane_interfaces/msg/detail/uav_state__struct.hpp:20:10:[m[K [01;31m[Kfatal error: [m[Kstd_msgs/msg/detail/header__struct.hpp: No such file or directory
   20 | #include [01;31m[K"std_msgs/msg/detail/header__struct.hpp"[m[K
      |          [01;31m[K^~~~~~~~~~~~~~~~~~~~~~~~~~~~~~~~~~~~~~~~[m[K
compilation terminated.
gmake[2]: *** [CMakeFiles/xplane_interfaces__rosidl_typesupport_introspection_cpp.dir/build.make:98: CMakeFiles/xplane_interfaces__rosidl_typesupport_introspection_cpp.dir/rosidl_typesupport_introspection_cpp/xplane_interfaces/msg/detail/uav_state__type_support.cpp.o] Error 1
gmake[2]: *** Waiting for unfinished jobs....
gmake[1]: *** [CMakeFiles/Makefile2:369: CMakeFiles/xplane_interfaces__rosidl_typesupport_introspection_cpp.dir/all] Error 2
gmake[1]: *** [CMakeFiles/Makefile2:291: CMakeFiles/xplane_interfaces__rosidl_typesupport_fastrtps_cpp.dir/all] Error 2
gmake[1]: *** [CMakeFiles/Makefile2:395: CMakeFiles/xplane_interfaces__rosidl_typesupport_cpp.dir/all] Error 2
gmake: *** [Makefile:146: all] Error 2
