[0.008s] Invoking command in '/home/uas/Documents/blue/git repos/xplane_ros2/build/xplane_interfaces': CMAKE_PREFIX_PATH=/opt/ros/humble CONDA_PROMPT_MODIFIER=(base) /usr/bin/cmake --build /home/uas/Documents/blue/git repos/xplane_ros2/build/xplane_interfaces -- -j24 -l24
[0.026s] [  2%] [34m[1mGenerating C code for ROS interfaces[0m
[0.031s] [  5%] [34m[1mGenerating C++ code for ROS interfaces[0m
[0.034s] [  5%] Built target ament_cmake_python_copy_xplane_interfaces
[0.178s] running egg_info
[0.190s] writing xplane_interfaces.egg-info/PKG-INFO
[0.190s] writing dependency_links to xplane_interfaces.egg-info/dependency_links.txt
[0.190s] writing top-level names to xplane_interfaces.egg-info/top_level.txt
[0.223s] [  5%] Built target xplane_interfaces__cpp
[0.227s] reading manifest file 'xplane_interfaces.egg-info/SOURCES.txt'
[0.227s] [ 10%] [34m[1mGenerating C++ type support dispatch for ROS interfaces[0m
[0.227s] [ 10%] [34m[1mGenerating C++ type support for eProsima Fast-RTPS[0m
[0.227s] [ 12%] [34m[1mGenerating C++ introspection for ROS interfaces[0m
[0.228s] writing manifest file 'xplane_interfaces.egg-info/SOURCES.txt'
[0.230s] [ 15%] [32mBuilding C object CMakeFiles/xplane_interfaces__rosidl_generator_c.dir/rosidl_generator_c/xplane_interfaces/msg/detail/uav_state__functions.c.o[0m
[0.230s] [ 17%] [32mBuilding C object CMakeFiles/xplane_interfaces__rosidl_generator_c.dir/rosidl_generator_c/xplane_interfaces/msg/detail/uav_control__functions.c.o[0m
[0.251s] [ 17%] Built target ament_cmake_python_build_xplane_interfaces_egg
[0.260s] In file included from [01m[K/home/uas/Documents/blue/git repos/xplane_ros2/build/xplane_interfaces/rosidl_generator_c/xplane_interfaces/msg/detail/uav_state__functions.h:19[m[K,
[0.260s]                  from [01m[K/home/uas/Documents/blue/git repos/xplane_ros2/build/xplane_interfaces/rosidl_generator_c/xplane_interfaces/msg/detail/uav_state__functions.c:4[m[K:
[0.261s] [01m[K/home/uas/Documents/blue/git repos/xplane_ros2/build/xplane_interfaces/rosidl_generator_c/xplane_interfaces/msg/detail/uav_state__struct.h:22:10:[m[K [01;31m[Kfatal error: [m[Kstd_msgs/msg/detail/header__struct.h: No such file or directory
[0.261s]    22 | #include [01;31m[K"std_msgs/msg/detail/header__struct.h"[m[K
[0.261s]       |          [01;31m[K^~~~~~~~~~~~~~~~~~~~~~~~~~~~~~~~~~~~~~[m[K
[0.261s] compilation terminated.
[0.262s] gmake[2]: *** [CMakeFiles/xplane_interfaces__rosidl_generator_c.dir/build.make:121: CMakeFiles/xplane_interfaces__rosidl_generator_c.dir/rosidl_generator_c/xplane_interfaces/msg/detail/uav_state__functions.c.o] Error 1
[0.262s] gmake[2]: *** Waiting for unfinished jobs....
[0.296s] gmake[1]: *** [CMakeFiles/Makefile2:213: CMakeFiles/xplane_interfaces__rosidl_generator_c.dir/all] Error 2
[0.296s] gmake[1]: *** Waiting for unfinished jobs....
[0.403s] [ 23%] [32mBuilding CXX object CMakeFiles/xplane_interfaces__rosidl_typesupport_cpp.dir/rosidl_typesupport_cpp/xplane_interfaces/msg/uav_control__type_support.cpp.o[0m
[0.403s] [ 23%] [32mBuilding CXX object CMakeFiles/xplane_interfaces__rosidl_typesupport_cpp.dir/rosidl_typesupport_cpp/xplane_interfaces/msg/uav_state__type_support.cpp.o[0m
[0.411s] [ 28%] [32mBuilding CXX object CMakeFiles/xplane_interfaces__rosidl_typesupport_introspection_cpp.dir/rosidl_typesupport_introspection_cpp/xplane_interfaces/msg/detail/uav_state__type_support.cpp.o[0m
[0.411s] [ 28%] [32mBuilding CXX object CMakeFiles/xplane_interfaces__rosidl_typesupport_introspection_cpp.dir/rosidl_typesupport_introspection_cpp/xplane_interfaces/msg/detail/uav_control__type_support.cpp.o[0m
[0.425s] [ 30%] [32mBuilding CXX object CMakeFiles/xplane_interfaces__rosidl_typesupport_fastrtps_cpp.dir/rosidl_typesupport_fastrtps_cpp/xplane_interfaces/msg/detail/dds_fastrtps/uav_state__type_support.cpp.o[0m
[0.425s] [ 33%] [32mBuilding CXX object CMakeFiles/xplane_interfaces__rosidl_typesupport_fastrtps_cpp.dir/rosidl_typesupport_fastrtps_cpp/xplane_interfaces/msg/detail/dds_fastrtps/uav_control__type_support.cpp.o[0m
[0.466s] In file included from [01m[K/home/uas/Documents/blue/git repos/xplane_ros2/build/xplane_interfaces/rosidl_typesupport_cpp/xplane_interfaces/msg/uav_state__type_support.cpp:7[m[K:
[0.466s] [01m[K/home/uas/Documents/blue/git repos/xplane_ros2/build/xplane_interfaces/rosidl_generator_cpp/xplane_interfaces/msg/detail/uav_state__struct.hpp:20:10:[m[K [01;31m[Kfatal error: [m[Kstd_msgs/msg/detail/header__struct.hpp: No such file or directory
[0.466s]    20 | #include [01;31m[K"std_msgs/msg/detail/header__struct.hpp"[m[K
[0.466s]       |          [01;31m[K^~~~~~~~~~~~~~~~~~~~~~~~~~~~~~~~~~~~~~~~[m[K
[0.466s] compilation terminated.
[0.467s] In file included from [01m[K/home/uas/Documents/blue/git repos/xplane_ros2/build/xplane_interfaces/rosidl_typesupport_fastrtps_cpp/xplane_interfaces/msg/detail/uav_state__rosidl_typesupport_fastrtps_cpp.hpp:11[m[K,
[0.467s]                  from [01m[K/home/uas/Documents/blue/git repos/xplane_ros2/build/xplane_interfaces/rosidl_typesupport_fastrtps_cpp/xplane_interfaces/msg/detail/dds_fastrtps/uav_state__type_support.cpp:4[m[K:
[0.467s] [01m[K/home/uas/Documents/blue/git repos/xplane_ros2/build/xplane_interfaces/rosidl_generator_cpp/xplane_interfaces/msg/detail/uav_state__struct.hpp:20:10:[m[K [01;31m[Kfatal error: [m[Kstd_msgs/msg/detail/header__struct.hpp: No such file or directory
[0.467s]    20 | #include [01;31m[K"std_msgs/msg/detail/header__struct.hpp"[m[K
[0.467s]       |          [01;31m[K^~~~~~~~~~~~~~~~~~~~~~~~~~~~~~~~~~~~~~~~[m[K
[0.467s] compilation terminated.
[0.467s] gmake[2]: *** [CMakeFiles/xplane_interfaces__rosidl_typesupport_cpp.dir/build.make:90: CMakeFiles/xplane_interfaces__rosidl_typesupport_cpp.dir/rosidl_typesupport_cpp/xplane_interfaces/msg/uav_state__type_support.cpp.o] Error 1
[0.467s] gmake[2]: *** Waiting for unfinished jobs....
[0.467s] gmake[2]: *** [CMakeFiles/xplane_interfaces__rosidl_typesupport_fastrtps_cpp.dir/build.make:98: CMakeFiles/xplane_interfaces__rosidl_typesupport_fastrtps_cpp.dir/rosidl_typesupport_fastrtps_cpp/xplane_interfaces/msg/detail/dds_fastrtps/uav_state__type_support.cpp.o] Error 1
[0.468s] gmake[2]: *** Waiting for unfinished jobs....
[0.475s] In file included from [01m[K/home/uas/Documents/blue/git repos/xplane_ros2/build/xplane_interfaces/rosidl_typesupport_introspection_cpp/xplane_interfaces/msg/detail/uav_state__type_support.cpp:12[m[K:
[0.475s] [01m[K/home/uas/Documents/blue/git repos/xplane_ros2/build/xplane_interfaces/rosidl_generator_cpp/xplane_interfaces/msg/detail/uav_state__struct.hpp:20:10:[m[K [01;31m[Kfatal error: [m[Kstd_msgs/msg/detail/header__struct.hpp: No such file or directory
[0.475s]    20 | #include [01;31m[K"std_msgs/msg/detail/header__struct.hpp"[m[K
[0.475s]       |          [01;31m[K^~~~~~~~~~~~~~~~~~~~~~~~~~~~~~~~~~~~~~~~[m[K
[0.475s] compilation terminated.
[0.476s] gmake[2]: *** [CMakeFiles/xplane_interfaces__rosidl_typesupport_introspection_cpp.dir/build.make:98: CMakeFiles/xplane_interfaces__rosidl_typesupport_introspection_cpp.dir/rosidl_typesupport_introspection_cpp/xplane_interfaces/msg/detail/uav_state__type_support.cpp.o] Error 1
[0.477s] gmake[2]: *** Waiting for unfinished jobs....
[0.675s] gmake[1]: *** [CMakeFiles/Makefile2:369: CMakeFiles/xplane_interfaces__rosidl_typesupport_introspection_cpp.dir/all] Error 2
[0.678s] gmake[1]: *** [CMakeFiles/Makefile2:291: CMakeFiles/xplane_interfaces__rosidl_typesupport_fastrtps_cpp.dir/all] Error 2
[0.704s] gmake[1]: *** [CMakeFiles/Makefile2:395: CMakeFiles/xplane_interfaces__rosidl_typesupport_cpp.dir/all] Error 2
[0.704s] gmake: *** [Makefile:146: all] Error 2
[0.706s] Invoked command in '/home/uas/Documents/blue/git repos/xplane_ros2/build/xplane_interfaces' returned '2': CMAKE_PREFIX_PATH=/opt/ros/humble CONDA_PROMPT_MODIFIER=(base) /usr/bin/cmake --build /home/uas/Documents/blue/git repos/xplane_ros2/build/xplane_interfaces -- -j24 -l24
