running egg_info
creating ../../build/xplaneros2/xplaneros2.egg-info
writing ../../build/xplaneros2/xplaneros2.egg-info/PKG-INFO
writing dependency_links to ../../build/xplaneros2/xplaneros2.egg-info/dependency_links.txt
writing entry points to ../../build/xplaneros2/xplaneros2.egg-info/entry_points.txt
writing requirements to ../../build/xplaneros2/xplaneros2.egg-info/requires.txt
writing top-level names to ../../build/xplaneros2/xplaneros2.egg-info/top_level.txt
writing manifest file '../../build/xplaneros2/xplaneros2.egg-info/SOURCES.txt'
reading manifest file '../../build/xplaneros2/xplaneros2.egg-info/SOURCES.txt'
writing manifest file '../../build/xplaneros2/xplaneros2.egg-info/SOURCES.txt'
running build
running build_py
creating /home/uas/Documents/blue/git repos/xplane_ros2/build/xplaneros2/build
creating /home/uas/Documents/blue/git repos/xplane_ros2/build/xplaneros2/build/lib
creating /home/uas/Documents/blue/git repos/xplane_ros2/build/xplaneros2/build/lib/xplaneros2
copying xplaneros2/__init__.py -> /home/uas/Documents/blue/git repos/xplane_ros2/build/xplaneros2/build/lib/xplaneros2
running install
running install_lib
creating /home/uas/Documents/blue/git repos/xplane_ros2/install/xplaneros2/lib/python3.10/site-packages/xplaneros2
copying /home/uas/Documents/blue/git repos/xplane_ros2/build/xplaneros2/build/lib/xplaneros2/__init__.py -> /home/uas/Documents/blue/git repos/xplane_ros2/install/xplaneros2/lib/python3.10/site-packages/xplaneros2
byte-compiling /home/uas/Documents/blue/git repos/xplane_ros2/install/xplaneros2/lib/python3.10/site-packages/xplaneros2/__init__.py to __init__.cpython-310.pyc
running install_data
creating /home/uas/Documents/blue/git repos/xplane_ros2/install/xplaneros2/share/ament_index
creating /home/uas/Documents/blue/git repos/xplane_ros2/install/xplaneros2/share/ament_index/resource_index
creating /home/uas/Documents/blue/git repos/xplane_ros2/install/xplaneros2/share/ament_index/resource_index/packages
copying resource/xplaneros2 -> /home/uas/Documents/blue/git repos/xplane_ros2/install/xplaneros2/share/ament_index/resource_index/packages
copying package.xml -> /home/uas/Documents/blue/git repos/xplane_ros2/install/xplaneros2/share/xplaneros2
running install_egg_info
Copying ../../build/xplaneros2/xplaneros2.egg-info to /home/uas/Documents/blue/git repos/xplane_ros2/install/xplaneros2/lib/python3.10/site-packages/xplaneros2-0.0.0-py3.10.egg-info
running install_scripts
writing list of installed files to '/home/uas/Documents/blue/git repos/xplane_ros2/build/xplaneros2/install.log'
