-- Found ament_cmake: 1.3.8 (/opt/ros/humble/share/ament_cmake/cmake)
-- Found rclcpp: 16.0.8 (/opt/ros/humble/share/rclcpp/cmake)
-- Found rosidl_generator_c: 3.1.5 (/opt/ros/humble/share/rosidl_generator_c/cmake)
-- Found rosidl_adapter: 3.1.5 (/opt/ros/humble/share/rosidl_adapter/cmake)
-- Found rosidl_generator_cpp: 3.1.5 (/opt/ros/humble/share/rosidl_generator_cpp/cmake)
-- Using all available rosidl_typesupport_c: rosidl_typesupport_fastrtps_c;rosidl_typesupport_introspection_c
-- Using all available rosidl_typesupport_cpp: rosidl_typesupport_fastrtps_cpp;rosidl_typesupport_introspection_cpp
-- Found rmw_implementation_cmake: 6.1.1 (/opt/ros/humble/share/rmw_implementation_cmake/cmake)
-- Found rmw_fastrtps_cpp: 6.2.6 (/opt/ros/humble/share/rmw_fastrtps_cpp/cmake)
-- Using RMW implementation 'rmw_fastrtps_cpp' as default
-- Found rosidl_default_generators: 1.2.0 (/opt/ros/humble/share/rosidl_default_generators/cmake)
-- Found ament_lint_auto: 0.12.10 (/opt/ros/humble/share/ament_lint_auto/cmake)
-- Found ament_cmake_ros: 0.10.0 (/opt/ros/humble/share/ament_cmake_ros/cmake)
-- Using all available rosidl_typesupport_c: rosidl_typesupport_fastrtps_c;rosidl_typesupport_introspection_c
-- Using all available rosidl_typesupport_cpp: rosidl_typesupport_fastrtps_cpp;rosidl_typesupport_introspection_cpp
-- Found PythonInterp: /home/uas/anaconda3/bin/python3 (found suitable version "3.11.7", minimum required is "3.6")
-- Found python_cmake_module: 0.10.0 (/opt/ros/humble/share/python_cmake_module/cmake)
-- Found PythonLibs: /home/uas/anaconda3/lib/libpython3.11.so (found suitable version "3.11.7", minimum required is "3.5")
-- Using PYTHON_EXECUTABLE: /home/uas/anaconda3/bin/python3
-- Using PYTHON_INCLUDE_DIRS: /home/uas/anaconda3/include/python3.11
-- Using PYTHON_LIBRARIES: /home/uas/anaconda3/lib/libpython3.11.so
-- Found PythonExtra: .so
-- Using numpy include directory: /home/uas/anaconda3/lib/python3.11/site-packages/numpy/core/include
-- Added test 'lint_cmake' to check CMake code style
-- Added test 'xmllint' to check XML markup files
-- Configuring done (1.6s)
-- Generating done (0.0s)
-- Build files have been written to: /home/uas/Documents/blue/git repos/xplane_ros2/build/xplane_interfaces
[  2%] [34m[1mGenerating C code for ROS interfaces[0m
[  5%] [34m[1mGenerating C++ code for ROS interfaces[0m
[  5%] Built target ament_cmake_python_copy_xplane_interfaces
running egg_info
creating xplane_interfaces.egg-info
writing xplane_interfaces.egg-info/PKG-INFO
writing dependency_links to xplane_interfaces.egg-info/dependency_links.txt
writing top-level names to xplane_interfaces.egg-info/top_level.txt
writing manifest file 'xplane_interfaces.egg-info/SOURCES.txt'
reading manifest file 'xplane_interfaces.egg-info/SOURCES.txt'
writing manifest file 'xplane_interfaces.egg-info/SOURCES.txt'
[  5%] Built target ament_cmake_python_build_xplane_interfaces_egg
