[0.010s] Invoking command in '/home/uas/Documents/blue/git repos/xplane_ros2/build/xplane_interfaces': CMAKE_PREFIX_PATH=/opt/ros/humble CONDA_PROMPT_MODIFIER=(fuas) /usr/bin/cmake --build /home/uas/Documents/blue/git repos/xplane_ros2/build/xplane_interfaces -- -j24 -l24
[0.021s] -- Found ament_cmake: 1.3.8 (/opt/ros/humble/share/ament_cmake/cmake)
[0.168s] -- Found rclcpp: 16.0.8 (/opt/ros/humble/share/rclcpp/cmake)
[0.189s] -- Found rosidl_generator_c: 3.1.5 (/opt/ros/humble/share/rosidl_generator_c/cmake)
[0.191s] -- Found rosidl_adapter: 3.1.5 (/opt/ros/humble/share/rosidl_adapter/cmake)
[0.195s] -- Found rosidl_generator_cpp: 3.1.5 (/opt/ros/humble/share/rosidl_generator_cpp/cmake)
[0.203s] -- Using all available rosidl_typesupport_c: rosidl_typesupport_fastrtps_c;rosidl_typesupport_introspection_c
[0.215s] -- Using all available rosidl_typesupport_cpp: rosidl_typesupport_fastrtps_cpp;rosidl_typesupport_introspection_cpp
[0.258s] -- Found rmw_implementation_cmake: 6.1.1 (/opt/ros/humble/share/rmw_implementation_cmake/cmake)
[0.259s] -- Found rmw_fastrtps_cpp: 6.2.6 (/opt/ros/humble/share/rmw_fastrtps_cpp/cmake)
[0.343s] -- Using RMW implementation 'rmw_fastrtps_cpp' as default
[0.473s] -- Found rosidl_default_generators: 1.2.0 (/opt/ros/humble/share/rosidl_default_generators/cmake)
[0.479s] -- Found ament_lint_auto: 0.12.10 (/opt/ros/humble/share/ament_lint_auto/cmake)
[0.670s] [31mCMake Error at /opt/ros/humble/share/rosidl_adapter/cmake/rosidl_adapt_interfaces.cmake:59 (message):
[0.671s]   execute_process(/home/uas/anaconda3/bin/python3 -m rosidl_adapter
[0.671s]   --package-name xplane_interfaces --arguments-file
[0.671s]   /home/uas/Documents/blue/git
[0.671s]   repos/xplane_ros2/build/xplane_interfaces/rosidl_adapter__arguments__xplane_interfaces.json
[0.671s]   --output-dir /home/uas/Documents/blue/git
[0.671s]   repos/xplane_ros2/build/xplane_interfaces/rosidl_adapter/xplane_interfaces
[0.671s]   --output-file /home/uas/Documents/blue/git
[0.671s]   repos/xplane_ros2/build/xplane_interfaces/rosidl_adapter/xplane_interfaces.idls)
[0.671s]   returned error code 1:
[0.671s] 
[0.671s]   Traceback (most recent call last):
[0.671s] 
[0.671s]     File "<frozen runpy>", line 198, in _run_module_as_main
[0.671s]     File "<frozen runpy>", line 88, in _run_code
[0.671s]     File "/opt/ros/humble/local/lib/python3.10/dist-packages/rosidl_adapter/__main__.py", line 19, in <module>
[0.671s]       sys.exit(main())
[0.671s]                ^^^^^^
[0.671s]     File "/opt/ros/humble/local/lib/python3.10/dist-packages/rosidl_adapter/main.py", line 53, in main
[0.671s]       abs_idl_file = convert_to_idl(
[0.671s]                      ^^^^^^^^^^^^^^^
[0.672s]     File "/opt/ros/humble/local/lib/python3.10/dist-packages/rosidl_adapter/__init__.py", line 18, in convert_to_idl
[0.672s]       from rosidl_adapter.msg import convert_msg_to_idl
[0.672s]     File "/opt/ros/humble/local/lib/python3.10/dist-packages/rosidl_adapter/msg/__init__.py", line 16, in <module>
[0.672s]       from rosidl_adapter.resource import expand_template
[0.672s]     File "/opt/ros/humble/local/lib/python3.10/dist-packages/rosidl_adapter/resource/__init__.py", line 19, in <module>
[0.672s]       import em
[0.672s] 
[0.672s]   ModuleNotFoundError: No module named 'em'
[0.672s] 
[0.672s] Call Stack (most recent call first):
[0.672s]   /opt/ros/humble/share/rosidl_cmake/cmake/rosidl_generate_interfaces.cmake:130 (rosidl_adapt_interfaces)
[0.672s]   CMakeLists.txt:29 (rosidl_generate_interfaces)
[0.672s] 
[0.672s] [0m
[0.672s] -- Configuring incomplete, errors occurred!
[0.676s] gmake: *** [Makefile:226: cmake_check_build_system] Error 1
[0.678s] Invoked command in '/home/uas/Documents/blue/git repos/xplane_ros2/build/xplane_interfaces' returned '2': CMAKE_PREFIX_PATH=/opt/ros/humble CONDA_PROMPT_MODIFIER=(fuas) /usr/bin/cmake --build /home/uas/Documents/blue/git repos/xplane_ros2/build/xplane_interfaces -- -j24 -l24
